2023-08-10 10:57:14 Using browser-only version of superagent in non-browser environment
2023-08-10 10:57:14 Configuration directory URI: 'file:///home/azimuth/.theia'
2023-08-10 10:57:14 Configuring to accept webviews on '^.+\.webview\..+$' hostname.
2023-08-10 10:57:14 2023-08-10T07:57:14.699Z root INFO Backend Object.initialize: 16.1 ms [Finished 8.352 s after backend start]
2023-08-10 10:57:14 2023-08-10T07:57:14.700Z root INFO Backend Object.configure: 13.9 ms [Finished 8.352 s after backend start]
2023-08-10 10:57:14 2023-08-10T07:57:14.700Z root INFO Backend MessagingContribution.onStart: 4.4 ms [Finished 8.352 s after backend start]
2023-08-10 10:57:14 2023-08-10T07:57:14.702Z root INFO Backend OSBackendApplicationContribution.configure: 1.0 ms [Finished 8.495 s after backend start]
2023-08-10 10:57:14 2023-08-10T07:57:14.704Z root INFO Backend DefaultWorkspaceServer.onStart: 0.8 ms [Finished 8.495 s after backend start]
2023-08-10 10:57:14 2023-08-10T07:57:14.706Z root INFO Backend PluginLocalizationBackendContribution.configure: 0.4 ms [Finished 8.495 s after backend start]
2023-08-10 10:57:14 2023-08-10T07:57:14.708Z root WARN Backend PluginLocalizationBackendContribution.initialize took longer than the expected maximum 50 milliseconds: 142.8 ms [Finished 8.496 s after backend start]
2023-08-10 10:57:14 2023-08-10T07:57:14.708Z root INFO Backend TaskBackendApplicationContribution.onStart: 0.7 ms [Finished 8.496 s after backend start]
2023-08-10 10:57:14 2023-08-10T07:57:14.710Z root INFO Backend ElectronTokenBackendContribution.configure: 2.1 ms [Finished 8.498 s after backend start]
2023-08-10 10:57:14 2023-08-10T07:57:14.712Z config INFO >>> Initializing CLI configuration...
2023-08-10 10:57:14 2023-08-10T07:57:14.712Z root INFO Backend PluginDeployerContribution.initialize: 1.2 ms [Finished 8.499 s after backend start]
2023-08-10 10:57:14 2023-08-10T07:57:14.713Z root INFO Backend ConfigServiceImpl.onStart: 2.2 ms [Finished 8.501 s after backend start]
2023-08-10 10:57:14 2023-08-10T07:57:14.715Z config INFO Loading CLI configuration from /home/azimuth/.arduinoIDE/arduino-cli.yaml...
2023-08-10 10:57:14 2023-08-10T07:57:14.716Z root INFO Backend WebviewBackendSecurityWarnings.initialize: 1.0 ms [Finished 8.503 s after backend start]
2023-08-10 10:57:14 2023-08-10T07:57:14.717Z root INFO Backend ArduinoDaemonImpl.onStart: 2.4 ms [Finished 8.505 s after backend start]
2023-08-10 10:57:14 2023-08-10T07:57:14.717Z root INFO Backend NodeFileUploadService.configure: 4.6 ms [Finished 8.505 s after backend start]
2023-08-10 10:57:14 2023-08-10T07:57:14.717Z daemon INFO Starting daemon from /opt/arduino-ide/resources/app/node_modules/arduino-ide-extension/build/arduino-cli...
2023-08-10 10:57:14 2023-08-10T07:57:14.718Z discovery-log INFO start
2023-08-10 10:57:14 2023-08-10T07:57:14.718Z discovery-log INFO start new deferred
2023-08-10 10:57:14 2023-08-10T07:57:14.718Z root INFO Backend HostedPluginLocalizationService.initialize: 1.2 ms [Finished 8.507 s after backend start]
2023-08-10 10:57:14 2023-08-10T07:57:14.718Z root INFO Backend BoardDiscovery.onStart: 2.7 ms [Finished 8.509 s after backend start]
2023-08-10 10:57:14 2023-08-10T07:57:14.719Z root INFO Backend FileDownloadEndpoint.configure: 2.1 ms [Finished 8.510 s after backend start]
2023-08-10 10:57:14 2023-08-10T07:57:14.719Z root INFO Backend AuthenticationServiceImpl.onStart: 1.1 ms [Finished 8.513 s after backend start]
2023-08-10 10:57:14 2023-08-10T07:57:14.719Z root INFO Backend PluginApiContribution.configure: 1.2 ms [Finished 8.514 s after backend start]
2023-08-10 10:57:14 2023-08-10T07:57:14.779Z root INFO Backend HostedPluginReader.configure: 1.1 ms [Finished 8.515 s after backend start]
2023-08-10 10:57:14 2023-08-10T07:57:14.780Z root INFO Backend HostedPluginReader.configure: 0.3 ms [Finished 8.516 s after backend start]
2023-08-10 10:57:14 2023-08-10T07:57:14.780Z root WARN Backend PlotterBackendContribution.configure took longer than the expected maximum 50 milliseconds: 60.0 ms [Finished 8.576 s after backend start]
2023-08-10 10:57:14 2023-08-10T07:57:14.785Z root INFO Theia app listening on http://localhost:33229.
2023-08-10 10:57:14 2023-08-10T07:57:14.786Z root INFO Finished starting backend application: 67.9 ms [Finished 8.582 s after backend start]
2023-08-10 10:57:14 2023-08-10T07:57:14.822Z root WARN The local plugin referenced by local-dir:/home/azimuth/.arduinoIDE/plugins does not exist.
2023-08-10 10:57:14 2023-08-10T07:57:14.823Z root WARN The local plugin referenced by local-dir:/home/azimuth/.arduinoIDE/extensions does not exist.
2023-08-10 10:57:14 2023-08-10T07:57:14.861Z config INFO Loaded CLI configuration: {"board_manager":{"additional_urls":["https://dl.espressif.com/dl/package_esp32_index.json"]},"build_cache":{"compilations_before_purge":10,"ttl":"720h0m0s"},"daemon":{"port":"50051"},"directories":{"builtin":{"libraries":"/home/azimuth/.arduino15/libraries"},"data":"/home/azimuth/.arduino15","downloads":"/home/azimuth/.arduino15/staging","user":"/home/azimuth/Arduino"},"library":{"enable_unsafe_install":false},"locale":"en","logging":{"file":"","format":"text","level":"info"},"metrics":{"addr":":9090","enabled":true},"output":{"no_color":false},"sketch":{"always_export_binaries":false},"updater":{"enable_notification":true}}
2023-08-10 10:57:14 2023-08-10T07:57:14.862Z config INFO 'directories.data' and 'directories.user' are set in the CLI configuration model.
2023-08-10 10:57:14 2023-08-10T07:57:14.862Z config INFO Loaded the CLI configuration.
2023-08-10 10:57:14 2023-08-10T07:57:14.900Z config INFO Mapped the CLI configuration: {"dataDirUri":"file:///home/azimuth/.arduino15","sketchDirUri":"file:///home/azimuth/Arduino","additionalUrls":["https://dl.espressif.com/dl/package_esp32_index.json"],"network":"none","locale":"en"}
2023-08-10 10:57:14 2023-08-10T07:57:14.901Z config INFO Validating the CLI configuration...
2023-08-10 10:57:15 2023-08-10T07:57:15.450Z root INFO PluginTheiaDirectoryHandler: accepting plugin with path
2023-08-10 10:57:15 2023-08-10T07:57:15.450Z root INFO Resolved "cortex-debug" to a VS Code extension "cortex-debug@1.5.1" with engines:
2023-08-10 10:57:15 2023-08-10T07:57:15.451Z root INFO PluginTheiaDirectoryHandler: accepting plugin with path
2023-08-10 10:57:15 2023-08-10T07:57:15.451Z root INFO Resolved "vscode-arduino-tools" to a VS Code extension "vscode-arduino-tools@0.0.2-beta.8" with engines:
2023-08-10 10:57:15 2023-08-10T07:57:15.451Z root INFO PluginTheiaDirectoryHandler: accepting plugin with path
2023-08-10 10:57:15 2023-08-10T07:57:15.451Z root INFO Resolved "vscode-builtin-cpp" to a VS Code extension "cpp@1.52.1" with engines:
2023-08-10 10:57:15 2023-08-10T07:57:15.451Z root INFO PluginTheiaDirectoryHandler: accepting plugin with path
2023-08-10 10:57:15 2023-08-10T07:57:15.451Z root INFO Resolved "vscode-builtin-json" to a VS Code extension "json@1.46.1" with engines:
2023-08-10 10:57:15 2023-08-10T07:57:15.452Z root INFO PluginTheiaDirectoryHandler: accepting plugin with path
2023-08-10 10:57:15 2023-08-10T07:57:15.452Z root INFO Resolved "vscode-builtin-json-language-features" to a VS Code extension "json-language-features@1.46.1" with engines:
2023-08-10 10:57:15 2023-08-10T07:57:15.452Z root INFO PluginTheiaDirectoryHandler: accepting plugin with path
2023-08-10 10:57:15 2023-08-10T07:57:15.452Z root INFO Resolved "vscode-language-pack-bg" to a VS Code extension "vscode-language-pack-bg@1.48.3" with engines:
2023-08-10 10:57:15 2023-08-10T07:57:15.452Z root INFO PluginTheiaDirectoryHandler: accepting plugin with path
2023-08-10 10:57:15 2023-08-10T07:57:15.452Z root INFO Resolved "vscode-language-pack-cs" to a VS Code extension "vscode-language-pack-cs@1.53.2" with engines:
2023-08-10 10:57:15 2023-08-10T07:57:15.452Z root INFO PluginTheiaDirectoryHandler: accepting plugin with path
2023-08-10 10:57:15 2023-08-10T07:57:15.453Z root INFO Resolved "vscode-language-pack-de" to a VS Code extension "vscode-language-pack-de@1.53.2" with engines:
2023-08-10 10:57:15 2023-08-10T07:57:15.453Z root INFO PluginTheiaDirectoryHandler: accepting plugin with path
2023-08-10 10:57:15 2023-08-10T07:57:15.453Z root INFO Resolved "vscode-language-pack-es" to a VS Code extension "vscode-language-pack-es@1.53.2" with engines:
2023-08-10 10:57:15 2023-08-10T07:57:15.453Z root INFO PluginTheiaDirectoryHandler: accepting plugin with path
2023-08-10 10:57:15 2023-08-10T07:57:15.453Z root INFO Resolved "vscode-language-pack-fr" to a VS Code extension "vscode-language-pack-fr@1.53.2" with engines:
2023-08-10 10:57:15 2023-08-10T07:57:15.453Z root INFO PluginTheiaDirectoryHandler: accepting plugin with path
2023-08-10 10:57:15 2023-08-10T07:57:15.453Z root INFO Resolved "vscode-language-pack-hu" to a VS Code extension "vscode-language-pack-hu@1.48.3" with engines:
2023-08-10 10:57:15 2023-08-10T07:57:15.454Z root INFO PluginTheiaDirectoryHandler: accepting plugin with path
2023-08-10 10:57:15 2023-08-10T07:57:15.454Z root INFO Resolved "vscode-language-pack-it" to a VS Code extension "vscode-language-pack-it@1.53.2" with engines:
2023-08-10 10:57:15 2023-08-10T07:57:15.454Z root INFO PluginTheiaDirectoryHandler: accepting plugin with path
2023-08-10 10:57:15 2023-08-10T07:57:15.454Z root INFO Resolved "vscode-language-pack-ja" to a VS Code extension "vscode-language-pack-ja@1.53.2" with engines:
2023-08-10 10:57:15 2023-08-10T07:57:15.454Z root INFO PluginTheiaDirectoryHandler: accepting plugin with path
2023-08-10 10:57:15 2023-08-10T07:57:15.454Z root INFO Resolved "vscode-language-pack-ko" to a VS Code extension "vscode-language-pack-ko@1.53.2" with engines:
2023-08-10 10:57:15 2023-08-10T07:57:15.454Z root INFO PluginTheiaDirectoryHandler: accepting plugin with path
2023-08-10 10:57:15 2023-08-10T07:57:15.455Z root INFO Resolved "vscode-language-pack-nl" to a VS Code extension "vscode-language-pack-nl@1.48.3" with engines:
2023-08-10 10:57:15 2023-08-10T07:57:15.455Z root INFO PluginTheiaDirectoryHandler: accepting plugin with path
2023-08-10 10:57:15 2023-08-10T07:57:15.455Z root INFO Resolved "vscode-language-pack-pl" to a VS Code extension "vscode-language-pack-pl@1.53.2" with engines:
2023-08-10 10:57:15 2023-08-10T07:57:15.455Z root INFO PluginTheiaDirectoryHandler: accepting plugin with path
2023-08-10 10:57:15 2023-08-10T07:57:15.455Z root INFO Resolved "vscode-language-pack-pt-BR" to a VS Code extension "vscode-language-pack-pt-BR@1.53.2" with engines:
2023-08-10 10:57:15 2023-08-10T07:57:15.455Z root INFO PluginTheiaDirectoryHandler: accepting plugin with path
2023-08-10 10:57:15 2023-08-10T07:57:15.455Z root INFO Resolved "vscode-language-pack-ru" to a VS Code extension "vscode-language-pack-ru@1.53.2" with engines:
2023-08-10 10:57:15 2023-08-10T07:57:15.456Z root INFO PluginTheiaDirectoryHandler: accepting plugin with path
2023-08-10 10:57:15 2023-08-10T07:57:15.456Z root INFO Resolved "vscode-language-pack-tr" to a VS Code extension "vscode-language-pack-tr@1.53.2" with engines:
2023-08-10 10:57:15 2023-08-10T07:57:15.456Z root INFO PluginTheiaDirectoryHandler: accepting plugin with path
2023-08-10 10:57:15 2023-08-10T07:57:15.456Z root INFO Resolved "vscode-language-pack-uk" to a VS Code extension "vscode-language-pack-uk@1.48.3" with engines:
2023-08-10 10:57:15 2023-08-10T07:57:15.456Z root INFO PluginTheiaDirectoryHandler: accepting plugin with path
2023-08-10 10:57:15 2023-08-10T07:57:15.456Z root INFO Resolved "vscode-language-pack-zh-hans" to a VS Code extension "vscode-language-pack-zh-hans@1.53.2" with engines:
2023-08-10 10:57:15 2023-08-10T07:57:15.457Z config INFO The CLI config is valid.
2023-08-10 10:57:15 2023-08-10T07:57:15.457Z config INFO <<< Initialized the CLI configuration.
2023-08-10 10:57:15 2023-08-10T07:57:15.474Z root INFO Resolve plugins list: 759.7 ms [Finished 9.270 s after backend start]
2023-08-10 10:57:15 2023-08-10T07:57:15.550Z root INFO Deployed backend plugin "marus25.cortex-debug@1.5.1" from "/opt/arduino-ide/resources/app/plugins/cortex-debug/extension/dist/extension.js": 75.1 ms [Finished 9.346 s after backend start]
2023-08-10 10:57:15 2023-08-10T07:57:15.560Z root INFO Deployed backend plugin "arduino.vscode-arduino-tools@0.0.2-beta.8" from "/opt/arduino-ide/resources/app/plugins/vscode-arduino-tools/extension/dist/bundle": 9.8 ms [Finished 9.357 s after backend start]
2023-08-10 10:57:15 2023-08-10T07:57:15.718Z root INFO Deployed backend plugin "vscode.cpp@1.52.1" from "/opt/arduino-ide/resources/app/plugins/vscode-builtin-cpp/extension": 158.2 ms [Finished 9.515 s after backend start]
2023-08-10 10:57:15 2023-08-10T07:57:15.979Z root INFO Deployed backend plugin "vscode.json@1.46.1" from "/opt/arduino-ide/resources/app/plugins/vscode-builtin-json/extension": 260.8 ms [Finished 9.776 s after backend start]
2023-08-10 10:57:15 2023-08-10T07:57:15.981Z root INFO Deployed backend plugin "vscode.json-language-features@1.46.1" from "/opt/arduino-ide/resources/app/plugins/vscode-builtin-json-language-features/extension/client/dist/jsonMain": 1.5 ms [Finished 9.777 s after backend start]
2023-08-10 10:57:16 2023-08-10T07:57:16.391Z root INFO Deployed backend plugin "ms-ceintl.vscode-language-pack-bg@1.48.3" from "/opt/arduino-ide/resources/app/plugins/vscode-language-pack-bg/extension": 410.7 ms [Finished 10.188 s after backend start]
2023-08-10 10:57:16 2023-08-10T07:57:16.421Z daemon INFO [36mINFO[0m[0000] Using config file: /home/azimuth/.arduinoIDE/arduino-cli.yaml 
[36mINFO[0m[0000] arduino-cli version 0.32.3                   
[36mINFO[0m[0000] Executing `arduino-cli daemon`               
Daemon is now listening on 127.0.0.1:37463
{"IP":"127.0.0.1","Port":"37463"}


2023-08-10 10:57:16 2023-08-10T07:57:16.422Z daemon INFO Daemon is running.
2023-08-10 10:57:16 2023-08-10T07:57:16.864Z root INFO Deployed backend plugin "ms-ceintl.vscode-language-pack-cs@1.53.2" from "/opt/arduino-ide/resources/app/plugins/vscode-language-pack-cs/extension": 472.9 ms [Finished 10.661 s after backend start]
2023-08-10 10:57:17 2023-08-10T07:57:17.209Z root INFO Deployed backend plugin "ms-ceintl.vscode-language-pack-de@1.53.2" from "/opt/arduino-ide/resources/app/plugins/vscode-language-pack-de/extension": 344.7 ms [Finished 11.006 s after backend start]
2023-08-10 10:57:17 2023-08-10T07:57:17.871Z root INFO Deployed backend plugin "ms-ceintl.vscode-language-pack-es@1.53.2" from "/opt/arduino-ide/resources/app/plugins/vscode-language-pack-es/extension": 661.6 ms [Finished 11.668 s after backend start]
2023-08-10 10:57:17 2023-08-10T07:57:17.879Z daemon INFO [36mINFO[0m[0001] Loading hardware from: /home/azimuth/.arduino15/packages 
[36mINFO[0m[0001] Loading package arduino from: /home/azimuth/.arduino15/packages/arduino/hardware 
[36mINFO[0m[0001] Checking signature                            [36merror[0m="opening signature file: open /home/azimuth/.arduino15/packages/arduino/hardware/avr/1.8.6/installed.json.sig: no such file or directory" [36mindex[0m=/home/azimuth/.arduino15/packages/arduino/hardware/avr/1.8.6/installed.json [36msignatureFile[0m=/home/azimuth/.arduino15/packages/arduino/hardware/avr/1.8.6/installed.json.sig
[36mINFO[0m[0001] Adding monitor tool                           [36mprotocol[0m=serial [36mtool[0m="builtin:serial-monitor"
[36mINFO[0m[0001] Loaded platform                               [36mplatform[0m="arduino:avr@1.8.6"
[36mINFO[0m[0001] Checking existence of 'tools' path: /home/azimuth/.arduino15/packages/arduino/tools 
[36mINFO[0m[0001] Loading tools from dir: /home/azimuth/.arduino15/packages/arduino/tools 
[36mINFO[0m[0001] Loaded tool                                   [36mtool[0m="arduino:arduinoOTA@1.3.0"
[36mINFO[0m[0001] Loaded tool                                   [36mtool[0m="arduino:avr-gcc@7.3.0-atmel3.6.1-arduino7"
[36mINFO[0m[0001] Loaded tool                                   [36mtool[0m="arduino:avrdude@6.3.0-arduino17"
[36mINFO[0m[0001] Loading package builtin from: /home/azimuth/.arduino15/packages/builtin 
[36mINFO[0m[0001] Checking existence of 'tools' path: /home/azimuth/.arduino15/packages/builtin/tools 
[36mINFO[0m[0001] Loading tools from dir: /home/azimuth/.arduino15/packages/builtin/tools 
[36mINFO[0m[0001] Loaded tool                                   [36mtool[0m="builtin:ctags@5.8-arduino11"
[36mINFO[0m[0001] Loaded tool                                   [36mtool[0m="builtin:mdns-discovery@1.0.9"
[36mINFO[0m[0001] Loaded tool                                   [36mtool[0m="builtin:serial-discovery@1.4.0"
[36mINFO[0m[0001] Loaded tool                                   [36mtool[0m="builtin:serial-monitor@0.13.0"
[36mINFO[0m[0001] Loading package esp32 from: /home/azimuth/.arduino15/packages/esp32/hardware 
[36mINFO[0m[0002] Adding monitor tool                           [36mprotocol[0m=serial [36mtool[0m="builtin:serial-monitor"
[36mINFO[0m[0002] Loaded platform                               [36mplatform[0m="esp32:esp32@1.0.6"
[36mINFO[0m[0002] Checking existence of 'tools' path: /home/azimuth/.arduino15/packages/esp32/tools 
[36mINFO[0m[0002] Loading tools from dir: /home/azimuth/.arduino15/packages/esp32/tools 
[36mINFO[0m[0002] Loaded tool                                   [36mtool[0m="esp32:esptool_py@3.0.0"
[36mINFO[0m[0002] Loaded tool                                   [36mtool[0m="esp32:mkspiffs@0.2.3"
[36mINFO[0m[0002] Loaded tool                                   [36mtool[0m="esp32:xtensa-esp32-elf-gcc@1.22.0-97-gc752ad5-5.2.0"

2023-08-10 10:57:18 2023-08-10T07:57:18.796Z root INFO Deployed backend plugin "ms-ceintl.vscode-language-pack-fr@1.53.2" from "/opt/arduino-ide/resources/app/plugins/vscode-language-pack-fr/extension": 925.2 ms [Finished 12.593 s after backend start]
2023-08-10 10:57:18 2023-08-10T07:57:18.799Z daemon INFO [36mINFO[0m[0002] Checking signature                            [36mindex[0m=/home/azimuth/.arduino15/package_index.json [36msignatureFile[0m=/home/azimuth/.arduino15/package_index.json.sig [36mtrusted[0m=true
[36mINFO[0m[0002] Checking signature                            [36merror[0m="opening signature file: open /home/azimuth/.arduino15/package_esp32_index.json.sig: no such file or directory" [36mindex[0m=/home/azimuth/.arduino15/package_esp32_index.json [36msignatureFile[0m=/home/azimuth/.arduino15/package_esp32_index.json.sig
[36mINFO[0m[0002] Adding libraries dir                          [36mdir[0m=/home/azimuth/.arduino15/packages/arduino/hardware/avr/1.8.6/libraries [36mlocation[0m=platform
[36mINFO[0m[0002] Adding libraries dir                          [36mdir[0m=/home/azimuth/.arduino15/packages/esp32/hardware/esp32/1.0.6/libraries [36mlocation[0m=platform
[36mINFO[0m[0002] Loading libraries index file                  [36mindex[0m=/home/azimuth/.arduino15/library_index.json

2023-08-10 10:57:19 2023-08-10T07:57:19.057Z root INFO Deployed backend plugin "ms-ceintl.vscode-language-pack-hu@1.48.3" from "/opt/arduino-ide/resources/app/plugins/vscode-language-pack-hu/extension": 260.9 ms [Finished 12.854 s after backend start]
2023-08-10 10:57:19 2023-08-10T07:57:19.685Z root INFO Deployed backend plugin "ms-ceintl.vscode-language-pack-it@1.53.2" from "/opt/arduino-ide/resources/app/plugins/vscode-language-pack-it/extension": 627.2 ms [Finished 13.481 s after backend start]
2023-08-10 10:57:19 2023-08-10T07:57:19.686Z daemon INFO [36mINFO[0m[0003] Adding libraries dir                          [36mdir[0m=/home/azimuth/.arduino15/libraries [36mlocation[0m=ide
[36mINFO[0m[0003] Adding libraries dir                          [36mdir[0m=/home/azimuth/Arduino/libraries [36mlocation[0m=user

2023-08-10 10:57:20 2023-08-10T07:57:20.306Z root INFO Deployed backend plugin "ms-ceintl.vscode-language-pack-ja@1.53.2" from "/opt/arduino-ide/resources/app/plugins/vscode-language-pack-ja/extension": 621.7 ms [Finished 14.103 s after backend start]
2023-08-10 10:57:20 2023-08-10T07:57:20.793Z root INFO Deployed backend plugin "ms-ceintl.vscode-language-pack-ko@1.53.2" from "/opt/arduino-ide/resources/app/plugins/vscode-language-pack-ko/extension": 486.2 ms [Finished 14.590 s after backend start]
2023-08-10 10:57:20 2023-08-10T07:57:20.902Z root INFO Deployed backend plugin "ms-ceintl.vscode-language-pack-nl@1.48.3" from "/opt/arduino-ide/resources/app/plugins/vscode-language-pack-nl/extension": 109.2 ms [Finished 14.699 s after backend start]
2023-08-10 10:57:21 2023-08-10T07:57:21.091Z root INFO Deployed backend plugin "ms-ceintl.vscode-language-pack-pl@1.53.2" from "/opt/arduino-ide/resources/app/plugins/vscode-language-pack-pl/extension": 189.0 ms [Finished 14.888 s after backend start]
2023-08-10 10:57:21 2023-08-10T07:57:21.361Z root INFO Deployed backend plugin "ms-ceintl.vscode-language-pack-pt-br@1.53.2" from "/opt/arduino-ide/resources/app/plugins/vscode-language-pack-pt-BR/extension": 270.0 ms [Finished 15.158 s after backend start]
2023-08-10 10:57:21 2023-08-10T07:57:21.636Z root INFO Deployed backend plugin "ms-ceintl.vscode-language-pack-ru@1.53.2" from "/opt/arduino-ide/resources/app/plugins/vscode-language-pack-ru/extension": 274.6 ms [Finished 15.433 s after backend start]
2023-08-10 10:57:21 2023-08-10T07:57:21.912Z root INFO Deployed backend plugin "ms-ceintl.vscode-language-pack-tr@1.53.2" from "/opt/arduino-ide/resources/app/plugins/vscode-language-pack-tr/extension": 275.7 ms [Finished 15.709 s after backend start]
2023-08-10 10:57:22 2023-08-10T07:57:22.032Z root INFO Deployed backend plugin "ms-ceintl.vscode-language-pack-uk@1.48.3" from "/opt/arduino-ide/resources/app/plugins/vscode-language-pack-uk/extension": 120.2 ms [Finished 15.829 s after backend start]
2023-08-10 10:57:22 2023-08-10T07:57:22.226Z root INFO Deployed backend plugin "ms-ceintl.vscode-language-pack-zh-hans@1.53.2" from "/opt/arduino-ide/resources/app/plugins/vscode-language-pack-zh-hans/extension": 194.0 ms [Finished 16.023 s after backend start]
2023-08-10 10:57:22 2023-08-10T07:57:22.227Z root INFO Deploy plugins list: 759.7 ms [Finished 16.023 s after backend start]
2023-08-10 10:57:25 2023-08-10T07:57:25.172Z discovery-log INFO start request start watch
2023-08-10 10:57:25 2023-08-10T07:57:25.173Z discovery-log INFO start requested start watch
2023-08-10 10:57:25 2023-08-10T07:57:25.173Z discovery-log INFO start resolved watching
2023-08-10 10:57:25 2023-08-10T07:57:25.174Z daemon INFO [36mINFO[0m[0009] starting discovery builtin:mdns-discovery process 
[36mINFO[0m[0009] starting discovery builtin:serial-discovery process 

2023-08-10 10:57:25 2023-08-10T07:57:25.201Z daemon INFO [36mINFO[0m[0009] started discovery builtin:mdns-discovery process 
[36mINFO[0m[0009] sending command HELLO 1 "arduino-cli 0.32.3" to discovery builtin:mdns-discovery 

2023-08-10 10:57:25 2023-08-10T07:57:25.250Z daemon INFO [36mINFO[0m[0009] started discovery builtin:serial-discovery process 
[36mINFO[0m[0009] sending command HELLO 1 "arduino-cli 0.32.3" to discovery builtin:serial-discovery 

2023-08-10 10:57:25 2023-08-10T07:57:25.637Z daemon INFO [36mINFO[0m[0009] from discovery builtin:serial-discovery received message type: hello, message: OK, protocol version: 1 
[36mINFO[0m[0009] sending command START_SYNC to discovery builtin:serial-discovery 

2023-08-10 10:57:25 2023-08-10T07:57:25.641Z daemon INFO [36mINFO[0m[0009] from discovery builtin:serial-discovery received message type: start_sync, message: OK 

2023-08-10 10:57:25 2023-08-10T07:57:25.977Z daemon INFO [36mINFO[0m[0010] from discovery builtin:mdns-discovery received message type: hello, message: OK, protocol version: 1 
[36mINFO[0m[0010] sending command START_SYNC to discovery builtin:mdns-discovery 

2023-08-10 10:57:25 2023-08-10T07:57:25.989Z daemon INFO [36mINFO[0m[0010] from discovery builtin:mdns-discovery received message type: start_sync, message: OK 

2023-08-10 10:57:31 2023-08-10T07:57:31.169Z root WARN Frontend d.initialize took longer than the expected maximum 100 milliseconds: 317.5 ms [Finished 11.230 s after frontend start]
2023-08-10 10:57:31 2023-08-10T07:57:31.376Z root WARN Frontend a.configure took longer than the expected maximum 100 milliseconds: 681.5 ms [Finished 11.957 s after frontend start]
2023-08-10 10:57:31 2023-08-10T07:57:31.413Z root WARN Frontend commands.onStart took longer than the expected maximum 100 milliseconds: 179.5 ms [Finished 12.138 s after frontend start]
2023-08-10 10:57:31 2023-08-10T07:57:31.775Z root WARN Frontend keybindings.onStart took longer than the expected maximum 100 milliseconds: 373.4 ms [Finished 12.528 s after frontend start]
2023-08-10 10:57:32 2023-08-10T07:57:32.455Z root WARN Frontend c.onStart took longer than the expected maximum 100 milliseconds: 543.0 ms [Finished 13.214 s after frontend start]
2023-08-10 10:57:32 2023-08-10T07:57:32.584Z root INFO Start frontend contributions: 2619.8 ms [Finished 13.239 s after frontend start]
2023-08-10 10:57:32 2023-08-10T07:57:32.596Z root INFO Changed application state from 'init' to 'started_contributions'.
2023-08-10 10:57:32 2023-08-10T07:57:32.612Z root INFO Changed application state from 'started_contributions' to 'attached_shell'.
2023-08-10 10:57:32 2023-08-10T07:57:32.613Z root INFO >>> Restoring the layout state...
2023-08-10 10:57:32 2023-08-10T07:57:32.616Z root INFO <<< Nothing to restore.
2023-08-10 10:57:32 2023-08-10T07:57:32.718Z root INFO Initialize the workbench layout: 80.2 ms [Finished 13.469 s after frontend start]
2023-08-10 10:57:32 2023-08-10T07:57:32.774Z root INFO Changed application state from 'attached_shell' to 'initialized_layout'.
2023-08-10 10:57:33 2023-08-10T07:57:33.063Z root INFO [29483e8a-7d58-4acd-87d4-ba2a7b3b7fa9] Waiting for backend deployment: 599.2 ms [Finished 13.818 s after frontend start]
2023-08-10 10:57:34 2023-08-10T07:57:34.992Z root INFO [hosted-plugin: 3932] PLUGIN_HOST(3932) starting instance
2023-08-10 10:57:35 2023-08-10T07:57:35.434Z root INFO Replace loading indicator with ready workbench UI (animation): 1118.1 ms [Finished 14.614 s after frontend start]
2023-08-10 10:57:35 2023-08-10T07:57:35.435Z root INFO Changed application state from 'initialized_layout' to 'ready'.
2023-08-10 10:57:35 2023-08-10T07:57:35.435Z root WARN Linked preference "workbench.colorCustomizations" not found. Source: "editor.bracketPairColorization.enabled"
2023-08-10 10:57:35 2023-08-10T07:57:35.499Z root INFO Frontend application start: 4324.2 ms [Finished 29.209 s after backend start]
2023-08-10 10:57:36 2023-08-10T07:57:36.833Z root ERROR ---- !!!SLOW!!! DURATION: search took 1314.104 ms. Args: [{"type":"Updatable"}] ----
2023-08-10 10:57:37 2023-08-10T07:57:37.234Z root INFO [29483e8a-7d58-4acd-87d4-ba2a7b3b7fa9] Sync of 21 plugins: 4120.1 ms [Finished 17.938 s after frontend start]
2023-08-10 10:57:37 2023-08-10T07:57:37.240Z root INFO [29483e8a-7d58-4acd-87d4-ba2a7b3b7fa9][marus25.cortex-debug]: Loaded contributions.
2023-08-10 10:57:37 2023-08-10T07:57:37.240Z root INFO [29483e8a-7d58-4acd-87d4-ba2a7b3b7fa9][arduino.vscode-arduino-tools]: Loaded contributions.
2023-08-10 10:57:37 2023-08-10T07:57:37.240Z root INFO [29483e8a-7d58-4acd-87d4-ba2a7b3b7fa9][vscode.cpp]: Loaded contributions.
2023-08-10 10:57:37 2023-08-10T07:57:37.241Z root INFO [29483e8a-7d58-4acd-87d4-ba2a7b3b7fa9][vscode.json]: Loaded contributions.
2023-08-10 10:57:37 2023-08-10T07:57:37.241Z root INFO [29483e8a-7d58-4acd-87d4-ba2a7b3b7fa9][vscode.json-language-features]: Loaded contributions.
2023-08-10 10:57:37 2023-08-10T07:57:37.241Z root INFO [29483e8a-7d58-4acd-87d4-ba2a7b3b7fa9][ms-ceintl.vscode-language-pack-bg]: Loaded contributions.
2023-08-10 10:57:37 2023-08-10T07:57:37.241Z root INFO [29483e8a-7d58-4acd-87d4-ba2a7b3b7fa9][ms-ceintl.vscode-language-pack-cs]: Loaded contributions.
2023-08-10 10:57:37 2023-08-10T07:57:37.241Z root INFO [29483e8a-7d58-4acd-87d4-ba2a7b3b7fa9][ms-ceintl.vscode-language-pack-de]: Loaded contributions.
2023-08-10 10:57:37 2023-08-10T07:57:37.241Z root INFO [29483e8a-7d58-4acd-87d4-ba2a7b3b7fa9][ms-ceintl.vscode-language-pack-es]: Loaded contributions.
2023-08-10 10:57:37 2023-08-10T07:57:37.242Z root INFO [29483e8a-7d58-4acd-87d4-ba2a7b3b7fa9][ms-ceintl.vscode-language-pack-fr]: Loaded contributions.
2023-08-10 10:57:37 2023-08-10T07:57:37.242Z root INFO [29483e8a-7d58-4acd-87d4-ba2a7b3b7fa9][ms-ceintl.vscode-language-pack-hu]: Loaded contributions.
2023-08-10 10:57:37 2023-08-10T07:57:37.242Z root INFO [29483e8a-7d58-4acd-87d4-ba2a7b3b7fa9][ms-ceintl.vscode-language-pack-it]: Loaded contributions.
2023-08-10 10:57:37 2023-08-10T07:57:37.242Z root INFO [29483e8a-7d58-4acd-87d4-ba2a7b3b7fa9][ms-ceintl.vscode-language-pack-ja]: Loaded contributions.
2023-08-10 10:57:37 2023-08-10T07:57:37.243Z root INFO [29483e8a-7d58-4acd-87d4-ba2a7b3b7fa9][ms-ceintl.vscode-language-pack-ko]: Loaded contributions.
2023-08-10 10:57:37 2023-08-10T07:57:37.243Z root INFO [29483e8a-7d58-4acd-87d4-ba2a7b3b7fa9][ms-ceintl.vscode-language-pack-nl]: Loaded contributions.
2023-08-10 10:57:37 2023-08-10T07:57:37.243Z root INFO [29483e8a-7d58-4acd-87d4-ba2a7b3b7fa9][ms-ceintl.vscode-language-pack-pl]: Loaded contributions.
2023-08-10 10:57:37 2023-08-10T07:57:37.243Z root INFO [29483e8a-7d58-4acd-87d4-ba2a7b3b7fa9][ms-ceintl.vscode-language-pack-pt-br]: Loaded contributions.
2023-08-10 10:57:37 2023-08-10T07:57:37.243Z root INFO [29483e8a-7d58-4acd-87d4-ba2a7b3b7fa9][ms-ceintl.vscode-language-pack-ru]: Loaded contributions.
2023-08-10 10:57:37 2023-08-10T07:57:37.243Z root INFO [29483e8a-7d58-4acd-87d4-ba2a7b3b7fa9][ms-ceintl.vscode-language-pack-tr]: Loaded contributions.
2023-08-10 10:57:37 2023-08-10T07:57:37.243Z root INFO [29483e8a-7d58-4acd-87d4-ba2a7b3b7fa9][ms-ceintl.vscode-language-pack-uk]: Loaded contributions.
2023-08-10 10:57:37 2023-08-10T07:57:37.243Z root INFO [29483e8a-7d58-4acd-87d4-ba2a7b3b7fa9][ms-ceintl.vscode-language-pack-zh-hans]: Loaded contributions.
2023-08-10 10:57:37 2023-08-10T07:57:37.244Z root INFO [29483e8a-7d58-4acd-87d4-ba2a7b3b7fa9] Load contributions of 21 plugins: 62.7 ms [Finished 18.001 s after frontend start]
2023-08-10 10:57:38 2023-08-10T07:57:38.146Z daemon INFO [36mINFO[0m[0022] Updating libraries index                     
[36mINFO[0m[0022] Updating index                                [36murl[0m="https://downloads.arduino.cc/packages/package_index.tar.bz2"
[36mINFO[0m[0022] Starting download                             [36murl[0m="https://downloads.arduino.cc/packages/package_index.tar.bz2"
[36mINFO[0m[0022] Starting download                             [36murl[0m="https://downloads.arduino.cc/libraries/library_index.tar.bz2"

2023-08-10 10:57:38 2023-08-10T07:57:38.155Z root INFO core-client-provider [platform-index]
2023-08-10 10:57:38 2023-08-10T07:57:38.158Z root INFO core-client-provider [library-index]
2023-08-10 10:57:39 2023-08-10T07:57:39.027Z root WARN 'cpp' language is remapped from 'source.cpp.embedded.macro' to 'source.cpp' scope
2023-08-10 10:57:39 2023-08-10T07:57:39.030Z root WARN a registered grammar configuration for 'cpp' language is overridden
2023-08-10 10:57:39 2023-08-10T07:57:39.217Z root WARN Timeout after 5000 millis. The editor has not shown up in time. URI: file:///tmp/.arduinoIDE-unsaved2023710-3759-1mkho7e.at3g/sketch_aug10a/sketch_aug10a.ino
2023-08-10 10:57:40 2023-08-10T07:57:40.166Z root INFO [hosted-plugin: 3932] PLUGIN_HOST(3932): PluginManagerExtImpl/init()
2023-08-10 10:57:40 2023-08-10T07:57:40.173Z root INFO [hosted-plugin: 3932] PLUGIN_HOST(3932): initializing(cortex-debug@1.5.1 with /opt/arduino-ide/resources/app/node_modules/@theia/plugin-ext-vscode/lib/node/plugin-vscode-init)
2023-08-10 10:57:40 2023-08-10T07:57:40.191Z root INFO [hosted-plugin: 3932] Debugger contribution has been registered: cortex-debug
2023-08-10 10:57:40 2023-08-10T07:57:40.202Z root INFO [hosted-plugin: 3932] PLUGIN_HOST(3932): initializing(vscode-arduino-tools@0.0.2-beta.8 with /opt/arduino-ide/resources/app/node_modules/@theia/plugin-ext-vscode/lib/node/plugin-vscode-init)
2023-08-10 10:57:40 2023-08-10T07:57:40.205Z root INFO [hosted-plugin: 3932] PLUGIN_HOST(3932): initializing(cpp@1.52.1 with /opt/arduino-ide/resources/app/node_modules/@theia/plugin-ext-vscode/lib/node/plugin-vscode-init)
2023-08-10 10:57:40 2023-08-10T07:57:40.207Z root INFO [hosted-plugin: 3932] PLUGIN_HOST(3932): initializing(json@1.46.1 with /opt/arduino-ide/resources/app/node_modules/@theia/plugin-ext-vscode/lib/node/plugin-vscode-init)
2023-08-10 10:57:40 2023-08-10T07:57:40.209Z root INFO [hosted-plugin: 3932] PLUGIN_HOST(3932): initializing(json-language-features@1.46.1 with /opt/arduino-ide/resources/app/node_modules/@theia/plugin-ext-vscode/lib/node/plugin-vscode-init)
2023-08-10 10:57:40 2023-08-10T07:57:40.211Z root INFO [hosted-plugin: 3932] PLUGIN_HOST(3932): initializing(vscode-language-pack-bg@1.48.3 with /opt/arduino-ide/resources/app/node_modules/@theia/plugin-ext-vscode/lib/node/plugin-vscode-init)
2023-08-10 10:57:40 2023-08-10T07:57:40.215Z root INFO [hosted-plugin: 3932] PLUGIN_HOST(3932): initializing(vscode-language-pack-cs@1.53.2 with /opt/arduino-ide/resources/app/node_modules/@theia/plugin-ext-vscode/lib/node/plugin-vscode-init)
2023-08-10 10:57:40 2023-08-10T07:57:40.217Z root INFO [hosted-plugin: 3932] PLUGIN_HOST(3932): initializing(vscode-language-pack-de@1.53.2 with /opt/arduino-ide/resources/app/node_modules/@theia/plugin-ext-vscode/lib/node/plugin-vscode-init)
2023-08-10 10:57:40 2023-08-10T07:57:40.219Z root INFO [hosted-plugin: 3932] PLUGIN_HOST(3932): initializing(vscode-language-pack-es@1.53.2 with /opt/arduino-ide/resources/app/node_modules/@theia/plugin-ext-vscode/lib/node/plugin-vscode-init)
2023-08-10 10:57:40 2023-08-10T07:57:40.222Z root INFO [hosted-plugin: 3932] PLUGIN_HOST(3932): initializing(vscode-language-pack-fr@1.53.2 with /opt/arduino-ide/resources/app/node_modules/@theia/plugin-ext-vscode/lib/node/plugin-vscode-init)
2023-08-10 10:57:40 2023-08-10T07:57:40.224Z root INFO [hosted-plugin: 3932] PLUGIN_HOST(3932): initializing(vscode-language-pack-hu@1.48.3 with /opt/arduino-ide/resources/app/node_modules/@theia/plugin-ext-vscode/lib/node/plugin-vscode-init)
2023-08-10 10:57:40 2023-08-10T07:57:40.226Z root INFO [hosted-plugin: 3932] PLUGIN_HOST(3932): initializing(vscode-language-pack-it@1.53.2 with /opt/arduino-ide/resources/app/node_modules/@theia/plugin-ext-vscode/lib/node/plugin-vscode-init)
2023-08-10 10:57:40 2023-08-10T07:57:40.228Z root INFO [hosted-plugin: 3932] PLUGIN_HOST(3932): initializing(vscode-language-pack-ja@1.53.2 with /opt/arduino-ide/resources/app/node_modules/@theia/plugin-ext-vscode/lib/node/plugin-vscode-init)
2023-08-10 10:57:40 2023-08-10T07:57:40.232Z root INFO [hosted-plugin: 3932] PLUGIN_HOST(3932): initializing(vscode-language-pack-ko@1.53.2 with /opt/arduino-ide/resources/app/node_modules/@theia/plugin-ext-vscode/lib/node/plugin-vscode-init)
2023-08-10 10:57:40 2023-08-10T07:57:40.234Z root INFO [hosted-plugin: 3932] PLUGIN_HOST(3932): initializing(vscode-language-pack-nl@1.48.3 with /opt/arduino-ide/resources/app/node_modules/@theia/plugin-ext-vscode/lib/node/plugin-vscode-init)
2023-08-10 10:57:40 2023-08-10T07:57:40.238Z root INFO [hosted-plugin: 3932] PLUGIN_HOST(3932): initializing(vscode-language-pack-pl@1.53.2 with /opt/arduino-ide/resources/app/node_modules/@theia/plugin-ext-vscode/lib/node/plugin-vscode-init)
2023-08-10 10:57:40 2023-08-10T07:57:40.239Z root INFO [hosted-plugin: 3932] PLUGIN_HOST(3932): initializing(vscode-language-pack-pt-BR@1.53.2 with /opt/arduino-ide/resources/app/node_modules/@theia/plugin-ext-vscode/lib/node/plugin-vscode-init)
2023-08-10 10:57:40 2023-08-10T07:57:40.241Z root INFO [hosted-plugin: 3932] PLUGIN_HOST(3932): initializing(vscode-language-pack-ru@1.53.2 with /opt/arduino-ide/resources/app/node_modules/@theia/plugin-ext-vscode/lib/node/plugin-vscode-init)
2023-08-10 10:57:40 2023-08-10T07:57:40.243Z root INFO [hosted-plugin: 3932] PLUGIN_HOST(3932): initializing(vscode-language-pack-tr@1.53.2 with /opt/arduino-ide/resources/app/node_modules/@theia/plugin-ext-vscode/lib/node/plugin-vscode-init)
2023-08-10 10:57:40 2023-08-10T07:57:40.244Z root INFO [hosted-plugin: 3932] PLUGIN_HOST(3932): initializing(vscode-language-pack-uk@1.48.3 with /opt/arduino-ide/resources/app/node_modules/@theia/plugin-ext-vscode/lib/node/plugin-vscode-init)
2023-08-10 10:57:40 2023-08-10T07:57:40.248Z root INFO [hosted-plugin: 3932] PLUGIN_HOST(3932): initializing(vscode-language-pack-zh-hans@1.53.2 with /opt/arduino-ide/resources/app/node_modules/@theia/plugin-ext-vscode/lib/node/plugin-vscode-init)
2023-08-10 10:57:40 2023-08-10T07:57:40.261Z root INFO [hosted-plugin: 3932] PLUGIN_HOST(3932): PluginManagerExtImpl/loadPlugin(/opt/arduino-ide/resources/app/plugins/vscode-builtin-json-language-features/extension/client/dist/jsonMain)
2023-08-10 10:57:40 2023-08-10T07:57:40.407Z root INFO [29483e8a-7d58-4acd-87d4-ba2a7b3b7fa9][marus25.cortex-debug]: Started plugin.
2023-08-10 10:57:40 2023-08-10T07:57:40.408Z root INFO [29483e8a-7d58-4acd-87d4-ba2a7b3b7fa9][arduino.vscode-arduino-tools]: Started plugin.
2023-08-10 10:57:40 2023-08-10T07:57:40.408Z root INFO [29483e8a-7d58-4acd-87d4-ba2a7b3b7fa9][vscode.cpp]: Started plugin.
2023-08-10 10:57:40 2023-08-10T07:57:40.408Z root INFO [29483e8a-7d58-4acd-87d4-ba2a7b3b7fa9][vscode.json]: Started plugin.
2023-08-10 10:57:40 2023-08-10T07:57:40.408Z root INFO [29483e8a-7d58-4acd-87d4-ba2a7b3b7fa9][vscode.json-language-features]: Started plugin.
2023-08-10 10:57:40 2023-08-10T07:57:40.408Z root INFO [29483e8a-7d58-4acd-87d4-ba2a7b3b7fa9][ms-ceintl.vscode-language-pack-bg]: Started plugin.
2023-08-10 10:57:40 2023-08-10T07:57:40.421Z root INFO [29483e8a-7d58-4acd-87d4-ba2a7b3b7fa9][ms-ceintl.vscode-language-pack-cs]: Started plugin.
2023-08-10 10:57:40 2023-08-10T07:57:40.421Z root INFO [29483e8a-7d58-4acd-87d4-ba2a7b3b7fa9][ms-ceintl.vscode-language-pack-de]: Started plugin.
2023-08-10 10:57:40 2023-08-10T07:57:40.421Z root INFO [29483e8a-7d58-4acd-87d4-ba2a7b3b7fa9][ms-ceintl.vscode-language-pack-es]: Started plugin.
2023-08-10 10:57:40 2023-08-10T07:57:40.422Z root INFO [29483e8a-7d58-4acd-87d4-ba2a7b3b7fa9][ms-ceintl.vscode-language-pack-fr]: Started plugin.
2023-08-10 10:57:40 2023-08-10T07:57:40.422Z root INFO [29483e8a-7d58-4acd-87d4-ba2a7b3b7fa9][ms-ceintl.vscode-language-pack-hu]: Started plugin.
2023-08-10 10:57:40 2023-08-10T07:57:40.422Z root INFO [29483e8a-7d58-4acd-87d4-ba2a7b3b7fa9][ms-ceintl.vscode-language-pack-it]: Started plugin.
2023-08-10 10:57:40 2023-08-10T07:57:40.422Z root INFO [29483e8a-7d58-4acd-87d4-ba2a7b3b7fa9][ms-ceintl.vscode-language-pack-ja]: Started plugin.
2023-08-10 10:57:40 2023-08-10T07:57:40.422Z root INFO [29483e8a-7d58-4acd-87d4-ba2a7b3b7fa9][ms-ceintl.vscode-language-pack-ko]: Started plugin.
2023-08-10 10:57:40 2023-08-10T07:57:40.422Z root INFO [29483e8a-7d58-4acd-87d4-ba2a7b3b7fa9][ms-ceintl.vscode-language-pack-nl]: Started plugin.
2023-08-10 10:57:40 2023-08-10T07:57:40.422Z root INFO [29483e8a-7d58-4acd-87d4-ba2a7b3b7fa9][ms-ceintl.vscode-language-pack-pl]: Started plugin.
2023-08-10 10:57:40 2023-08-10T07:57:40.423Z root INFO [29483e8a-7d58-4acd-87d4-ba2a7b3b7fa9][ms-ceintl.vscode-language-pack-pt-br]: Started plugin.
2023-08-10 10:57:40 2023-08-10T07:57:40.423Z root INFO [29483e8a-7d58-4acd-87d4-ba2a7b3b7fa9][ms-ceintl.vscode-language-pack-ru]: Started plugin.
2023-08-10 10:57:40 2023-08-10T07:57:40.423Z root INFO [29483e8a-7d58-4acd-87d4-ba2a7b3b7fa9][ms-ceintl.vscode-language-pack-tr]: Started plugin.
2023-08-10 10:57:40 2023-08-10T07:57:40.423Z root INFO [29483e8a-7d58-4acd-87d4-ba2a7b3b7fa9][ms-ceintl.vscode-language-pack-uk]: Started plugin.
2023-08-10 10:57:40 2023-08-10T07:57:40.423Z root INFO [29483e8a-7d58-4acd-87d4-ba2a7b3b7fa9][ms-ceintl.vscode-language-pack-zh-hans]: Started plugin.
2023-08-10 10:57:40 2023-08-10T07:57:40.486Z root INFO [hosted-plugin: 3932] PLUGIN_HOST(3932): PluginManagerExtImpl/loadPlugin(/opt/arduino-ide/resources/app/plugins/cortex-debug/extension/dist/extension.js)
2023-08-10 10:57:40 2023-08-10T07:57:40.589Z root INFO [hosted-plugin: 3932] Debug configuration provider has been registered: cortex-debug, trigger: 1
2023-08-10 10:57:40 2023-08-10T07:57:40.594Z root INFO [hosted-plugin: 3932] GDB server console created
2023-08-10 10:57:40 2023-08-10T07:57:40.632Z root INFO [29483e8a-7d58-4acd-87d4-ba2a7b3b7fa9] Start of 21 plugins: 3364.2 ms [Finished 21.404 s after frontend start]
2023-08-10 10:57:43 2023-08-10T07:57:43.674Z daemon INFO [36mINFO[0m[0027] Updating index                                [36murl[0m="https://dl.espressif.com/dl/package_esp32_index.json"

2023-08-10 10:57:43 2023-08-10T07:57:43.674Z daemon INFO [36mINFO[0m[0027] Starting download                             [36murl[0m="https://dl.espressif.com/dl/package_esp32_index.json"

2023-08-10 10:57:43 2023-08-10T07:57:43.676Z root INFO core-client-provider [platform-index]
2023-08-10 10:57:48 2023-08-10T07:57:48.825Z daemon INFO [36mINFO[0m[0033] Loading hardware from: /home/azimuth/.arduino15/packages 

2023-08-10 10:57:48 2023-08-10T07:57:48.826Z daemon INFO [36mINFO[0m[0033] Loading package arduino from: /home/azimuth/.arduino15/packages/arduino/hardware 

2023-08-10 10:57:48 2023-08-10T07:57:48.860Z daemon INFO [36mINFO[0m[0033] Checking signature                            [36merror[0m="opening signature file: open /home/azimuth/.arduino15/packages/arduino/hardware/avr/1.8.6/installed.json.sig: no such file or directory" [36mindex[0m=/home/azimuth/.arduino15/packages/arduino/hardware/avr/1.8.6/installed.json [36msignatureFile[0m=/home/azimuth/.arduino15/packages/arduino/hardware/avr/1.8.6/installed.json.sig

2023-08-10 10:57:48 2023-08-10T07:57:48.867Z daemon INFO [36mINFO[0m[0033] Adding monitor tool                           [36mprotocol[0m=serial [36mtool[0m="builtin:serial-monitor"
[36mINFO[0m[0033] Loaded platform                               [36mplatform[0m="arduino:avr@1.8.6"
[36mINFO[0m[0033] Checking existence of 'tools' path: /home/azimuth/.arduino15/packages/arduino/tools 
[36mINFO[0m[0033] Loading tools from dir: /home/azimuth/.arduino15/packages/arduino/tools 

2023-08-10 10:57:48 2023-08-10T07:57:48.868Z daemon INFO [36mINFO[0m[0033] Loaded tool                                   [36mtool[0m="arduino:arduinoOTA@1.3.0"
[36mINFO[0m[0033] Loaded tool                                   [36mtool[0m="arduino:avr-gcc@7.3.0-atmel3.6.1-arduino7"
[36mINFO[0m[0033] Loaded tool                                   [36mtool[0m="arduino:avrdude@6.3.0-arduino17"
[36mINFO[0m[0033] Loading package builtin from: /home/azimuth/.arduino15/packages/builtin 
[36mINFO[0m[0033] Checking existence of 'tools' path: /home/azimuth/.arduino15/packages/builtin/tools 
[36mINFO[0m[0033] Loading tools from dir: /home/azimuth/.arduino15/packages/builtin/tools 

2023-08-10 10:57:48 2023-08-10T07:57:48.869Z daemon INFO [36mINFO[0m[0033] Loaded tool                                   [36mtool[0m="builtin:ctags@5.8-arduino11"
[36mINFO[0m[0033] Loaded tool                                   [36mtool[0m="builtin:mdns-discovery@1.0.9"
[36mINFO[0m[0033] Loaded tool                                   [36mtool[0m="builtin:serial-discovery@1.4.0"
[36mINFO[0m[0033] Loaded tool                                   [36mtool[0m="builtin:serial-monitor@0.13.0"
[36mINFO[0m[0033] Loading package esp32 from: /home/azimuth/.arduino15/packages/esp32/hardware 

2023-08-10 10:57:48 2023-08-10T07:57:48.900Z daemon INFO [36mINFO[0m[0033] Adding monitor tool                           [36mprotocol[0m=serial [36mtool[0m="builtin:serial-monitor"
[36mINFO[0m[0033] Loaded platform                               [36mplatform[0m="esp32:esp32@1.0.6"
[36mINFO[0m[0033] Checking existence of 'tools' path: /home/azimuth/.arduino15/packages/esp32/tools 
[36mINFO[0m[0033] Loading tools from dir: /home/azimuth/.arduino15/packages/esp32/tools 

2023-08-10 10:57:48 2023-08-10T07:57:48.900Z daemon INFO [36mINFO[0m[0033] Loaded tool                                   [36mtool[0m="esp32:esptool_py@3.0.0"
[36mINFO[0m[0033] Loaded tool                                   [36mtool[0m="esp32:mkspiffs@0.2.3"
[36mINFO[0m[0033] Loaded tool                                   [36mtool[0m="esp32:xtensa-esp32-elf-gcc@1.22.0-97-gc752ad5-5.2.0"

2023-08-10 10:57:48 2023-08-10T07:57:48.931Z daemon INFO [36mINFO[0m[0033] Checking signature                            [36mindex[0m=/home/azimuth/.arduino15/package_index.json [36msignatureFile[0m=/home/azimuth/.arduino15/package_index.json.sig [36mtrusted[0m=true

2023-08-10 10:57:48 2023-08-10T07:57:48.946Z daemon INFO [36mINFO[0m[0033] Checking signature                            [36merror[0m="opening signature file: open /home/azimuth/.arduino15/package_esp32_index.json.sig: no such file or directory" [36mindex[0m=/home/azimuth/.arduino15/package_esp32_index.json [36msignatureFile[0m=/home/azimuth/.arduino15/package_esp32_index.json.sig

2023-08-10 10:57:48 2023-08-10T07:57:48.967Z daemon INFO [36mINFO[0m[0033] Starting download                             [36murl[0m="https://downloads.arduino.cc/discovery/dfu-discovery/dfu-discovery_v0.1.2_Linux_64bit.tar.gz"

2023-08-10 10:57:54 2023-08-10T07:57:54.714Z daemon INFO [36mINFO[0m[0038] Installing tool                               [36mTool[0m="builtin:dfu-discovery@0.1.2"

2023-08-10 10:57:54 2023-08-10T07:57:54.856Z daemon INFO [36mINFO[0m[0039] Skipping tool configuration.                  [36mTool[0m="builtin:dfu-discovery@0.1.2"

2023-08-10 10:57:54 2023-08-10T07:57:54.857Z daemon INFO [36mINFO[0m[0039] Tool installed                                [36mTool[0m="builtin:dfu-discovery@0.1.2"
[36mINFO[0m[0039] Loading tools from dir: /home/azimuth/.arduino15/packages/builtin/tools 
[36mINFO[0m[0039] Loaded tool                                   [36mtool[0m="builtin:ctags@5.8-arduino11"
[36mINFO[0m[0039] Loaded tool                                   [36mtool[0m="builtin:dfu-discovery@0.1.2"
[36mINFO[0m[0039] Loaded tool                                   [36mtool[0m="builtin:mdns-discovery@1.0.9"
[36mINFO[0m[0039] Loaded tool                                   [36mtool[0m="builtin:serial-discovery@1.4.0"
[36mINFO[0m[0039] Loaded tool                                   [36mtool[0m="builtin:serial-monitor@0.13.0"
[36mINFO[0m[0039] sending command QUIT to discovery builtin:serial-discovery 
[36mINFO[0m[0039] from discovery builtin:serial-discovery received message type: quit, message: OK 
[36mINFO[0m[0039] killing discovery builtin:serial-discovery process 
[36mINFO[0m[0039] Discovery event channel closed builtin:serial-discovery. Exiting goroutine. 
[31mERRO[0m[0039] stopped discovery builtin:serial-discovery decode loop: read |0: file already closed 

2023-08-10 10:57:54 2023-08-10T07:57:54.859Z daemon INFO [36mINFO[0m[0039] killed discovery builtin:serial-discovery process 
[36mINFO[0m[0039] Closed and removed discovery builtin:serial-discovery 
[36mINFO[0m[0039] sending command QUIT to discovery builtin:mdns-discovery 
[36mINFO[0m[0039] from discovery builtin:mdns-discovery received message type: quit, message: OK 
[36mINFO[0m[0039] killing discovery builtin:mdns-discovery process 
[36mINFO[0m[0039] Discovery event channel closed builtin:mdns-discovery. Exiting goroutine. 
[36mINFO[0m[0039] killed discovery builtin:mdns-discovery process 
[36mINFO[0m[0039] Closed and removed discovery builtin:mdns-discovery 
[36mINFO[0m[0039] starting discovery builtin:serial-discovery process 
[36mINFO[0m[0039] started discovery builtin:serial-discovery process 
[36mINFO[0m[0039] sending command HELLO 1 "arduino-cli 0.32.3" to discovery builtin:serial-discovery 

2023-08-10 10:57:54 2023-08-10T07:57:54.861Z daemon INFO [36mINFO[0m[0039] from discovery builtin:serial-discovery received message type: hello, message: OK, protocol version: 1 

2023-08-10 10:57:54 2023-08-10T07:57:54.861Z daemon INFO [36mINFO[0m[0039] sending command START_SYNC to discovery builtin:serial-discovery 

2023-08-10 10:57:54 2023-08-10T07:57:54.863Z daemon INFO [36mINFO[0m[0039] from discovery builtin:serial-discovery received message type: start_sync, message: OK 

2023-08-10 10:57:54 2023-08-10T07:57:54.864Z daemon INFO [36mINFO[0m[0039] starting discovery builtin:mdns-discovery process 
[36mINFO[0m[0039] started discovery builtin:mdns-discovery process 
[36mINFO[0m[0039] sending command HELLO 1 "arduino-cli 0.32.3" to discovery builtin:mdns-discovery 

2023-08-10 10:57:54 2023-08-10T07:57:54.866Z daemon INFO [36mINFO[0m[0039] from discovery builtin:mdns-discovery received message type: hello, message: OK, protocol version: 1 

2023-08-10 10:57:54 2023-08-10T07:57:54.867Z daemon INFO [36mINFO[0m[0039] sending command START_SYNC to discovery builtin:mdns-discovery 
[36mINFO[0m[0039] from discovery builtin:mdns-discovery received message type: start_sync, message: OK 

2023-08-10 10:57:54 2023-08-10T07:57:54.867Z daemon INFO [36mINFO[0m[0039] Adding libraries dir                          [36mdir[0m=/home/azimuth/.arduino15/packages/arduino/hardware/avr/1.8.6/libraries [36mlocation[0m=platform
[36mINFO[0m[0039] Adding libraries dir                          [36mdir[0m=/home/azimuth/.arduino15/packages/esp32/hardware/esp32/1.0.6/libraries [36mlocation[0m=platform

2023-08-10 10:57:54 2023-08-10T07:57:54.867Z daemon INFO [36mINFO[0m[0039] Loading libraries index file                  [36mindex[0m=/home/azimuth/.arduino15/library_index.json

2023-08-10 10:57:55 2023-08-10T07:57:55.208Z daemon INFO [36mINFO[0m[0039] Adding libraries dir                          [36mdir[0m=/home/azimuth/.arduino15/libraries [36mlocation[0m=ide
[36mINFO[0m[0039] Adding libraries dir                          [36mdir[0m=/home/azimuth/Arduino/libraries [36mlocation[0m=user

2023-08-10 12:26:40 2023-08-10T09:26:40.107Z daemon INFO [36mINFO[0m[4564] from discovery builtin:serial-discovery received message type: add, port: /dev/ttyACM0 

2023-08-10 12:26:40 2023-08-10T09:26:40.115Z discovery-log INFO {"eventType":"add","port":{"matchingBoardsList":[{"name":"Arduino Mega or Mega 2560","fqbn":"arduino:avr:mega","isHidden":false}],"port":{"address":"/dev/ttyACM0","label":"/dev/ttyACM0","protocol":"serial","protocolLabel":"Serial Port (USB)","propertiesMap":[["pid","0x0042"],["serialNumber","5573532303635141E112"],["vid","0x2341"]],"hardwareId":"5573532303635141E112"}},"error":""}
2023-08-10 12:26:40 2023-08-10T09:26:40.207Z root INFO Attached boards and available ports changed:
2023-08-10 12:26:40 2023-08-10T09:26:40.208Z root INFO  - Attached board: Arduino Mega or Mega 2560 [arduino:avr:mega] on /dev/ttyACM0 Serial Port (USB)
2023-08-10 12:26:40 2023-08-10T09:26:40.208Z root INFO ------------------------------------------
2023-08-10 12:26:40 2023-08-10T09:26:40.568Z daemon INFO [36mINFO[0m[4564] from discovery builtin:serial-discovery received message type: remove, port: /dev/ttyACM0 

2023-08-10 12:26:40 2023-08-10T09:26:40.571Z discovery-log INFO {"eventType":"remove","port":{"matchingBoardsList":[],"port":{"address":"/dev/ttyACM0","label":"","protocol":"serial","protocolLabel":"","propertiesMap":[],"hardwareId":""}},"error":""}
2023-08-10 12:26:40 2023-08-10T09:26:40.638Z root INFO Attached boards and available ports changed:
2023-08-10 12:26:40 2023-08-10T09:26:40.638Z root INFO  - Detached board: Arduino Mega or Mega 2560 [arduino:avr:mega] from /dev/ttyACM0 Serial Port (USB)
2023-08-10 12:26:40 2023-08-10T09:26:40.638Z root INFO ------------------------------------------
2023-08-10 12:26:41 2023-08-10T09:26:41.058Z daemon INFO [36mINFO[0m[4565] from discovery builtin:serial-discovery received message type: add, port: /dev/ttyACM0 

2023-08-10 12:26:41 2023-08-10T09:26:41.059Z discovery-log INFO {"eventType":"add","port":{"matchingBoardsList":[{"name":"Arduino Mega or Mega 2560","fqbn":"arduino:avr:mega","isHidden":false}],"port":{"address":"/dev/ttyACM0","label":"/dev/ttyACM0","protocol":"serial","protocolLabel":"Serial Port (USB)","propertiesMap":[["pid","0x0042"],["serialNumber","5573532303635141E112"],["vid","0x2341"]],"hardwareId":"5573532303635141E112"}},"error":""}
2023-08-10 12:26:41 2023-08-10T09:26:41.071Z root INFO Attached boards and available ports changed:
2023-08-10 12:26:41 2023-08-10T09:26:41.072Z root INFO  - Attached board: Arduino Mega or Mega 2560 [arduino:avr:mega] on /dev/ttyACM0 Serial Port (USB)
2023-08-10 12:26:41 2023-08-10T09:26:41.072Z root INFO ------------------------------------------
2023-08-10 12:26:42 2023-08-10T09:26:42.399Z daemon INFO [36mINFO[0m[4566] from discovery builtin:serial-discovery received message type: remove, port: /dev/ttyACM0 

2023-08-10 12:26:42 2023-08-10T09:26:42.401Z discovery-log INFO {"eventType":"remove","port":{"matchingBoardsList":[],"port":{"address":"/dev/ttyACM0","label":"","protocol":"serial","protocolLabel":"","propertiesMap":[],"hardwareId":""}},"error":""}
2023-08-10 12:26:42 2023-08-10T09:26:42.417Z root INFO Attached boards and available ports changed:
2023-08-10 12:26:42 2023-08-10T09:26:42.426Z root INFO  - Detached board: Arduino Mega or Mega 2560 [arduino:avr:mega] from /dev/ttyACM0 Serial Port (USB)
2023-08-10 12:26:42 2023-08-10T09:26:42.427Z root INFO ------------------------------------------
2023-08-10 12:26:42 2023-08-10T09:26:42.835Z daemon INFO [36mINFO[0m[4567] from discovery builtin:serial-discovery received message type: add, port: /dev/ttyACM0 

2023-08-10 12:26:42 2023-08-10T09:26:42.837Z discovery-log INFO {"eventType":"add","port":{"matchingBoardsList":[{"name":"Arduino Mega or Mega 2560","fqbn":"arduino:avr:mega","isHidden":false}],"port":{"address":"/dev/ttyACM0","label":"/dev/ttyACM0","protocol":"serial","protocolLabel":"Serial Port (USB)","propertiesMap":[["pid","0x0042"],["serialNumber","5573532303635141E112"],["vid","0x2341"]],"hardwareId":"5573532303635141E112"}},"error":""}
2023-08-10 12:26:42 2023-08-10T09:26:42.870Z root INFO Attached boards and available ports changed:
2023-08-10 12:26:42 2023-08-10T09:26:42.870Z root INFO  - Attached board: Arduino Mega or Mega 2560 [arduino:avr:mega] on /dev/ttyACM0 Serial Port (USB)
2023-08-10 12:26:42 2023-08-10T09:26:42.871Z root INFO ------------------------------------------
2023-08-10 12:26:44 2023-08-10T09:26:44.662Z daemon INFO [36mINFO[0m[4569] from discovery builtin:serial-discovery received message type: remove, port: /dev/ttyACM0 

2023-08-10 12:26:44 2023-08-10T09:26:44.668Z discovery-log INFO {"eventType":"remove","port":{"matchingBoardsList":[],"port":{"address":"/dev/ttyACM0","label":"","protocol":"serial","protocolLabel":"","propertiesMap":[],"hardwareId":""}},"error":""}
2023-08-10 12:26:44 2023-08-10T09:26:44.690Z root INFO Attached boards and available ports changed:
2023-08-10 12:26:44 2023-08-10T09:26:44.690Z root INFO  - Detached board: Arduino Mega or Mega 2560 [arduino:avr:mega] from /dev/ttyACM0 Serial Port (USB)
2023-08-10 12:26:44 2023-08-10T09:26:44.701Z root INFO ------------------------------------------
2023-08-10 12:26:45 2023-08-10T09:26:45.146Z daemon INFO [36mINFO[0m[4569] from discovery builtin:serial-discovery received message type: add, port: /dev/ttyACM0 

2023-08-10 12:26:45 2023-08-10T09:26:45.149Z discovery-log INFO {"eventType":"add","port":{"matchingBoardsList":[{"name":"Arduino Mega or Mega 2560","fqbn":"arduino:avr:mega","isHidden":false}],"port":{"address":"/dev/ttyACM0","label":"/dev/ttyACM0","protocol":"serial","protocolLabel":"Serial Port (USB)","propertiesMap":[["pid","0x0042"],["serialNumber","5573532303635141E112"],["vid","0x2341"]],"hardwareId":"5573532303635141E112"}},"error":""}
2023-08-10 12:26:45 2023-08-10T09:26:45.170Z root INFO Attached boards and available ports changed:
2023-08-10 12:26:45 2023-08-10T09:26:45.171Z root INFO  - Attached board: Arduino Mega or Mega 2560 [arduino:avr:mega] on /dev/ttyACM0 Serial Port (USB)
2023-08-10 12:26:45 2023-08-10T09:26:45.171Z root INFO ------------------------------------------
2023-08-10 12:28:22 2023-08-10T09:28:22.864Z daemon INFO [36mINFO[0m[4667] Required tool                                 [36mtool[0m="arduino:arduinoOTA@1.3.0"
[36mINFO[0m[4667] Required tool                                 [36mtool[0m="arduino:avr-gcc@7.3.0-atmel3.6.1-arduino7"
[36mINFO[0m[4667] Required tool                                 [36mtool[0m="arduino:avrdude@6.3.0-arduino17"
[36mINFO[0m[4667] Required tool                                 [36mtool[0m="arduino:arduinoOTA@1.3.0"
[36mINFO[0m[4667] Required tool                                 [36mtool[0m="arduino:avr-gcc@7.3.0-atmel3.6.1-arduino7"
[36mINFO[0m[4667] Required tool                                 [36mtool[0m="arduino:avrdude@6.3.0-arduino17"
[36mINFO[0m[4667] Required tool                                 [36mtool[0m="arduino:arduinoOTA@1.3.0"
[36mINFO[0m[4667] Required tool                                 [36mtool[0m="arduino:avr-gcc@7.3.0-atmel3.6.1-arduino7"
[36mINFO[0m[4667] Required tool                                 [36mtool[0m="arduino:avrdude@6.3.0-arduino17"
[36mINFO[0m[4667] Required tool                                 [36mtool[0m="arduino:arduinoOTA@1.3.0"
[36mINFO[0m[4667] Required tool                                 [36mtool[0m="arduino:avr-gcc@7.3.0-atmel3.6.1-arduino7"
[36mINFO[0m[4667] Required tool                                 [36mtool[0m="arduino:avrdude@6.3.0-arduino17"
[36mINFO[0m[4667] Required tool                                 [36mtool[0m="arduino:arduinoOTA@1.3.0"
[36mINFO[0m[4667] Required tool                                 [36mtool[0m="arduino:avr-gcc@7.3.0-atmel3.6.1-arduino7"
[36mINFO[0m[4667] Required tool                                 [36mtool[0m="arduino:avrdude@6.3.0-arduino17"
[36mINFO[0m[4667] Required tool                                 [36mtool[0m="arduino:arduinoOTA@1.3.0"
[36mINFO[0m[4667] Required tool                                 [36mtool[0m="arduino:avr-gcc@7.3.0-atmel3.6.1-arduino7"
[36mINFO[0m[4667] Required tool                                 [36mtool[0m="arduino:avrdude@6.3.0-arduino17"
[36mINFO[0m[4667] Required tool                                 [36mtool[0m="arduino:arduinoOTA@1.3.0"
[36mINFO[0m[4667] Required tool                                 [36mtool[0m="arduino:avr-gcc@7.3.0-atmel3.6.1-arduino7"
[36mINFO[0m[4667] Required tool                                 [36mtool[0m="arduino:avrdude@6.3.0-arduino17"

2023-08-10 12:28:22 2023-08-10T09:28:22.974Z daemon INFO [36mINFO[0m[4667] Required tool                                 [36mtool[0m="arduino:arduinoOTA@1.3.0"
[36mINFO[0m[4667] Required tool                                 [36mtool[0m="arduino:avr-gcc@7.3.0-atmel3.6.1-arduino7"

2023-08-10 12:28:22 2023-08-10T09:28:22.975Z daemon INFO [36mINFO[0m[4667] Required tool                                 [36mtool[0m="arduino:avrdude@6.3.0-arduino17"

2023-08-10 12:28:22 2023-08-10T09:28:22.982Z daemon INFO [36mINFO[0m[4667] Required tool                                 [36mtool[0m="arduino:arduinoOTA@1.3.0"
[36mINFO[0m[4667] Required tool                                 [36mtool[0m="arduino:avr-gcc@7.3.0-atmel3.6.1-arduino7"
[36mINFO[0m[4667] Required tool                                 [36mtool[0m="arduino:avrdude@6.3.0-arduino17"

2023-08-10 12:28:23 2023-08-10T09:28:23.505Z root INFO Starting language server: arduino:avr:mega:cpu=atmega2560
2023-08-10 12:28:23 2023-08-10T09:28:23.575Z root INFO [hosted-plugin: 3932] PLUGIN_HOST(3932): PluginManagerExtImpl/loadPlugin(/opt/arduino-ide/resources/app/plugins/vscode-arduino-tools/extension/dist/bundle)
2023-08-10 12:28:24 2023-08-10T09:28:24.292Z daemon INFO [36mINFO[0m[4668] Required tool                                 [36mtool[0m="arduino:arduinoOTA@1.3.0"
[36mINFO[0m[4668] Required tool                                 [36mtool[0m="arduino:avr-gcc@7.3.0-atmel3.6.1-arduino7"
[36mINFO[0m[4668] Required tool                                 [36mtool[0m="arduino:avrdude@6.3.0-arduino17"

2023-08-10 12:28:24 2023-08-10T09:28:24.294Z daemon INFO [36mINFO[0m[4668] Required tool                                 [36mtool[0m="arduino:arduinoOTA@1.3.0"
[36mINFO[0m[4668] Required tool                                 [36mtool[0m="arduino:avr-gcc@7.3.0-atmel3.6.1-arduino7"
[36mINFO[0m[4668] Required tool                                 [36mtool[0m="arduino:avrdude@6.3.0-arduino17"

2023-08-10 12:28:24 2023-08-10T09:28:24.296Z daemon INFO [36mINFO[0m[4668] Required tool                                 [36mtool[0m="arduino:arduinoOTA@1.3.0"
[36mINFO[0m[4668] Required tool                                 [36mtool[0m="arduino:avr-gcc@7.3.0-atmel3.6.1-arduino7"
[36mINFO[0m[4668] Required tool                                 [36mtool[0m="arduino:avrdude@6.3.0-arduino17"
[36mINFO[0m[4668] Adding libraries dir                          [36mdir[0m=/home/azimuth/.arduino15/libraries [36mlocation[0m=ide
[36mINFO[0m[4668] Adding libraries dir                          [36mdir[0m=/home/azimuth/.arduino15/packages/arduino/hardware/avr/1.8.6/libraries [36mlocation[0m=platform

2023-08-10 12:28:24 2023-08-10T09:28:24.296Z daemon INFO [36mINFO[0m[4668] Adding libraries dir                          [36mdir[0m=/home/azimuth/Arduino/libraries [36mlocation[0m=user

2023-08-10 12:28:25 2023-08-10T09:28:25.484Z daemon INFO [36mINFO[0m[4669] Required tool                                 [36mtool[0m="arduino:arduinoOTA@1.3.0"
[36mINFO[0m[4669] Required tool                                 [36mtool[0m="arduino:avr-gcc@7.3.0-atmel3.6.1-arduino7"

2023-08-10 12:28:25 2023-08-10T09:28:25.485Z daemon INFO [36mINFO[0m[4669] Required tool                                 [36mtool[0m="arduino:avrdude@6.3.0-arduino17"

2023-08-10 12:28:25 2023-08-10T09:28:25.488Z daemon INFO [36mINFO[0m[4669] Required tool                                 [36mtool[0m="arduino:arduinoOTA@1.3.0"
[36mINFO[0m[4669] Required tool                                 [36mtool[0m="arduino:avr-gcc@7.3.0-atmel3.6.1-arduino7"
[36mINFO[0m[4669] Required tool                                 [36mtool[0m="arduino:avrdude@6.3.0-arduino17"

2023-08-10 12:28:25 2023-08-10T09:28:25.489Z daemon INFO [36mINFO[0m[4669] Required tool                                 [36mtool[0m="arduino:arduinoOTA@1.3.0"
[36mINFO[0m[4669] Required tool                                 [36mtool[0m="arduino:avr-gcc@7.3.0-atmel3.6.1-arduino7"
[36mINFO[0m[4669] Required tool                                 [36mtool[0m="arduino:avrdude@6.3.0-arduino17"

2023-08-10 12:28:28 2023-08-10T09:28:28.978Z daemon INFO [36mINFO[0m[4673] Required tool                                 [36mtool[0m="arduino:arduinoOTA@1.3.0"
[36mINFO[0m[4673] Required tool                                 [36mtool[0m="arduino:avr-gcc@7.3.0-atmel3.6.1-arduino7"
[36mINFO[0m[4673] Required tool                                 [36mtool[0m="arduino:avrdude@6.3.0-arduino17"
[36mINFO[0m[4673] Required tool                                 [36mtool[0m="arduino:arduinoOTA@1.3.0"
[36mINFO[0m[4673] Required tool                                 [36mtool[0m="arduino:avr-gcc@7.3.0-atmel3.6.1-arduino7"
[36mINFO[0m[4673] Required tool                                 [36mtool[0m="arduino:avrdude@6.3.0-arduino17"
[36mINFO[0m[4673] Required tool                                 [36mtool[0m="arduino:arduinoOTA@1.3.0"
[36mINFO[0m[4673] Required tool                                 [36mtool[0m="arduino:avr-gcc@7.3.0-atmel3.6.1-arduino7"
[36mINFO[0m[4673] Required tool                                 [36mtool[0m="arduino:avrdude@6.3.0-arduino17"
[36mINFO[0m[4673] Adding libraries dir                          [36mdir[0m=/home/azimuth/.arduino15/libraries [36mlocation[0m=ide
[36mINFO[0m[4673] Adding libraries dir                          [36mdir[0m=/home/azimuth/.arduino15/packages/arduino/hardware/avr/1.8.6/libraries [36mlocation[0m=platform
[36mINFO[0m[4673] Adding libraries dir                          [36mdir[0m=/home/azimuth/Arduino/libraries [36mlocation[0m=user

2023-08-10 12:28:31 2023-08-10T09:28:31.895Z root WARN monospace assumptions have been violated, therefore disabling monospace optimizations!
2023-08-10 12:28:31 2023-08-10T09:28:31.898Z root WARN monospace assumptions have been violated, therefore disabling monospace optimizations!
2023-08-10 12:28:31 2023-08-10T09:28:31.901Z root WARN monospace assumptions have been violated, therefore disabling monospace optimizations!
2023-08-10 12:28:32 2023-08-10T09:28:32.809Z root INFO Executing 'arduino.languageserver.notifyBuildDidComplete' with {"buildOutputUri":"file:///tmp/arduino/sketches/D7570B0C7FDCDEA2225E6D33F72B15D7"}
2023-08-10 12:28:33 2023-08-10T09:28:33.979Z daemon INFO [36mINFO[0m[4678] Required tool                                 [36mtool[0m="arduino:arduinoOTA@1.3.0"
[36mINFO[0m[4678] Required tool                                 [36mtool[0m="arduino:avr-gcc@7.3.0-atmel3.6.1-arduino7"
[36mINFO[0m[4678] Required tool                                 [36mtool[0m="arduino:avrdude@6.3.0-arduino17"

2023-08-10 12:28:33 2023-08-10T09:28:33.983Z daemon INFO [36mINFO[0m[4678] Required tool                                 [36mtool[0m="arduino:arduinoOTA@1.3.0"
[36mINFO[0m[4678] Required tool                                 [36mtool[0m="arduino:avr-gcc@7.3.0-atmel3.6.1-arduino7"
[36mINFO[0m[4678] Required tool                                 [36mtool[0m="arduino:avrdude@6.3.0-arduino17"

2023-08-10 12:28:33 2023-08-10T09:28:33.984Z daemon INFO [36mINFO[0m[4678] Required tool                                 [36mtool[0m="arduino:arduinoOTA@1.3.0"

2023-08-10 12:28:33 2023-08-10T09:28:33.985Z daemon INFO [36mINFO[0m[4678] Required tool                                 [36mtool[0m="arduino:avr-gcc@7.3.0-atmel3.6.1-arduino7"
[36mINFO[0m[4678] Required tool                                 [36mtool[0m="arduino:avrdude@6.3.0-arduino17"

2023-08-10 12:28:36 2023-08-10T09:28:36.710Z daemon INFO [36mINFO[0m[4681] Required tool                                 [36mtool[0m="arduino:arduinoOTA@1.3.0"
[36mINFO[0m[4681] Required tool                                 [36mtool[0m="arduino:avr-gcc@7.3.0-atmel3.6.1-arduino7"
[36mINFO[0m[4681] Required tool                                 [36mtool[0m="arduino:avrdude@6.3.0-arduino17"

2023-08-10 12:28:36 2023-08-10T09:28:36.728Z daemon INFO [36mINFO[0m[4681] Required tool                                 [36mtool[0m="arduino:arduinoOTA@1.3.0"
[36mINFO[0m[4681] Required tool                                 [36mtool[0m="arduino:avr-gcc@7.3.0-atmel3.6.1-arduino7"
[36mINFO[0m[4681] Required tool                                 [36mtool[0m="arduino:avrdude@6.3.0-arduino17"

2023-08-10 12:28:36 2023-08-10T09:28:36.741Z daemon INFO [36mINFO[0m[4681] Required tool                                 [36mtool[0m="arduino:arduinoOTA@1.3.0"
[36mINFO[0m[4681] Required tool                                 [36mtool[0m="arduino:avr-gcc@7.3.0-atmel3.6.1-arduino7"
[36mINFO[0m[4681] Required tool                                 [36mtool[0m="arduino:avrdude@6.3.0-arduino17"
[36mINFO[0m[4681] Adding libraries dir                          [36mdir[0m=/home/azimuth/.arduino15/libraries [36mlocation[0m=ide
[36mINFO[0m[4681] Adding libraries dir                          [36mdir[0m=/home/azimuth/.arduino15/packages/arduino/hardware/avr/1.8.6/libraries [36mlocation[0m=platform
[36mINFO[0m[4681] Adding libraries dir                          [36mdir[0m=/home/azimuth/Arduino/libraries [36mlocation[0m=user

2023-08-10 12:28:37 2023-08-10T09:28:37.462Z root INFO Executing 'arduino.languageserver.notifyBuildDidComplete' with {"buildOutputUri":"file:///tmp/arduino/sketches/D7570B0C7FDCDEA2225E6D33F72B15D7"}
2023-08-10 12:28:37 2023-08-10T09:28:37.632Z daemon INFO [36mINFO[0m[4682] Required tool                                 [36mtool[0m="arduino:arduinoOTA@1.3.0"
[36mINFO[0m[4682] Required tool                                 [36mtool[0m="arduino:avr-gcc@7.3.0-atmel3.6.1-arduino7"
[36mINFO[0m[4682] Required tool                                 [36mtool[0m="arduino:avrdude@6.3.0-arduino17"

2023-08-10 12:28:38 2023-08-10T09:28:38.639Z daemon INFO [36mINFO[0m[4683] Required tool                                 [36mtool[0m="arduino:arduinoOTA@1.3.0"

2023-08-10 12:28:38 2023-08-10T09:28:38.640Z daemon INFO [36mINFO[0m[4683] Required tool                                 [36mtool[0m="arduino:avr-gcc@7.3.0-atmel3.6.1-arduino7"

2023-08-10 12:28:38 2023-08-10T09:28:38.641Z daemon INFO [36mINFO[0m[4683] Required tool                                 [36mtool[0m="arduino:avrdude@6.3.0-arduino17"

2023-08-10 12:28:38 2023-08-10T09:28:38.643Z daemon INFO [36mINFO[0m[4683] Required tool                                 [36mtool[0m="arduino:arduinoOTA@1.3.0"

2023-08-10 12:28:38 2023-08-10T09:28:38.644Z daemon INFO [36mINFO[0m[4683] Required tool                                 [36mtool[0m="arduino:avr-gcc@7.3.0-atmel3.6.1-arduino7"

2023-08-10 12:28:38 2023-08-10T09:28:38.644Z daemon INFO [36mINFO[0m[4683] Required tool                                 [36mtool[0m="arduino:avrdude@6.3.0-arduino17"

2023-08-10 12:28:38 2023-08-10T09:28:38.646Z daemon INFO [36mINFO[0m[4683] Required tool                                 [36mtool[0m="arduino:arduinoOTA@1.3.0"

2023-08-10 12:28:38 2023-08-10T09:28:38.647Z daemon INFO [36mINFO[0m[4683] Required tool                                 [36mtool[0m="arduino:avr-gcc@7.3.0-atmel3.6.1-arduino7"

2023-08-10 12:28:38 2023-08-10T09:28:38.647Z daemon INFO [36mINFO[0m[4683] Required tool                                 [36mtool[0m="arduino:avrdude@6.3.0-arduino17"

2023-08-10 12:30:13 2023-08-10T09:30:13.230Z daemon INFO [36mINFO[0m[4777] from discovery builtin:serial-discovery received message type: remove, port: /dev/ttyACM0 

2023-08-10 12:30:13 2023-08-10T09:30:13.232Z discovery-log INFO {"eventType":"remove","port":{"matchingBoardsList":[],"port":{"address":"/dev/ttyACM0","label":"","protocol":"serial","protocolLabel":"","propertiesMap":[],"hardwareId":""}},"error":""}
2023-08-10 12:30:13 2023-08-10T09:30:13.615Z daemon INFO [36mINFO[0m[4777] Required tool                                 [36mtool[0m="arduino:arduinoOTA@1.3.0"
[36mINFO[0m[4777] Required tool                                 [36mtool[0m="arduino:avr-gcc@7.3.0-atmel3.6.1-arduino7"
[36mINFO[0m[4777] Required tool                                 [36mtool[0m="arduino:avrdude@6.3.0-arduino17"
[36mINFO[0m[4777] Required tool                                 [36mtool[0m="arduino:arduinoOTA@1.3.0"
[36mINFO[0m[4777] Required tool                                 [36mtool[0m="arduino:avr-gcc@7.3.0-atmel3.6.1-arduino7"
[36mINFO[0m[4777] Required tool                                 [36mtool[0m="arduino:avrdude@6.3.0-arduino17"
[36mINFO[0m[4777] Required tool                                 [36mtool[0m="arduino:arduinoOTA@1.3.0"
[36mINFO[0m[4777] Required tool                                 [36mtool[0m="arduino:avr-gcc@7.3.0-atmel3.6.1-arduino7"
[36mINFO[0m[4777] Required tool                                 [36mtool[0m="arduino:avrdude@6.3.0-arduino17"
[36mINFO[0m[4777] Required tool                                 [36mtool[0m="arduino:arduinoOTA@1.3.0"
[36mINFO[0m[4777] Required tool                                 [36mtool[0m="arduino:avr-gcc@7.3.0-atmel3.6.1-arduino7"
[36mINFO[0m[4777] Required tool                                 [36mtool[0m="arduino:avrdude@6.3.0-arduino17"

2023-08-10 12:30:13 2023-08-10T09:30:13.622Z daemon INFO [36mINFO[0m[4778] Required tool                                 [36mtool[0m="arduino:arduinoOTA@1.3.0"
[36mINFO[0m[4778] Required tool                                 [36mtool[0m="arduino:avr-gcc@7.3.0-atmel3.6.1-arduino7"
[36mINFO[0m[4778] Required tool                                 [36mtool[0m="arduino:avrdude@6.3.0-arduino17"

2023-08-10 12:30:13 2023-08-10T09:30:13.686Z root INFO Attached boards and available ports changed:
2023-08-10 12:30:13 2023-08-10T09:30:13.686Z root INFO  - Detached board: Arduino Mega or Mega 2560 [arduino:avr:mega] from /dev/ttyACM0 Serial Port (USB)
2023-08-10 12:30:13 2023-08-10T09:30:13.686Z root INFO ------------------------------------------
2023-08-10 12:30:13 2023-08-10T09:30:13.797Z daemon INFO [36mINFO[0m[4778] Required tool                                 [36mtool[0m="arduino:arduinoOTA@1.3.0"
[36mINFO[0m[4778] Required tool                                 [36mtool[0m="arduino:avr-gcc@7.3.0-atmel3.6.1-arduino7"
[36mINFO[0m[4778] Required tool                                 [36mtool[0m="arduino:avrdude@6.3.0-arduino17"

2023-08-10 12:30:13 2023-08-10T09:30:13.812Z daemon INFO [36mINFO[0m[4778] Required tool                                 [36mtool[0m="arduino:arduinoOTA@1.3.0"
[36mINFO[0m[4778] Required tool                                 [36mtool[0m="arduino:avr-gcc@7.3.0-atmel3.6.1-arduino7"
[36mINFO[0m[4778] Required tool                                 [36mtool[0m="arduino:avrdude@6.3.0-arduino17"

