2023-07-17 14:16:04.273 [info] Started initializing default profile extensions in extensions installation folder. file:///home/azimuth/.vscode-oss/extensions
2023-07-17 14:16:06.046 [info] Completed initializing default profile extensions in extensions installation folder. file:///home/azimuth/.vscode-oss/extensions
2023-07-17 14:16:09.539 [info] [perf] Render performance baseline is 80ms
2023-07-17 14:16:56.207 [error] [Extension Host] (node:52452) [DEP0005] DeprecationWarning: Buffer() is deprecated due to security and usability issues. Please use the Buffer.alloc(), Buffer.allocUnsafe(), or Buffer.from() methods instead.
(Use `exe --trace-deprecation ...` to show where the warning was created)
2023-07-17 14:17:42.590 [info] [perf] Render performance baseline is 81ms
2023-07-18 10:17:46.766 [error] Extension 'tabnine.tabnine-vscode' wants API proposal 'inlineCompletions' but that proposal DOES NOT EXIST. Likely, the proposal has been finalized (check 'vscode.d.ts') or was abandoned.
2023-07-18 10:17:47.448 [error] [Extension Host] /bin/sh: line 1: hostname: command not found
2023-07-18 10:17:52.436 [error] [Extension Host] (node:52647) [DEP0005] DeprecationWarning: Buffer() is deprecated due to security and usability issues. Please use the Buffer.alloc(), Buffer.allocUnsafe(), or Buffer.from() methods instead.
(Use `exe --trace-deprecation ...` to show where the warning was created)
2023-07-18 10:17:57.382 [error] [Extension Host] Error: Binary request timed out. {"State":{}}
	at Timeout._onTimeout (/home/azimuth/.vscode-oss/extensions/tabnine.tabnine-vscode-3.6.72-universal/out/extension.js:17:33664)
	at listOnTimeout (node:internal/timers:559:17)
	at process.processTimers (node:internal/timers:502:7)
2023-07-18 10:17:58.391 [error] [Extension Host] Error: Binary request timed out. {"State":{}}
	at Timeout._onTimeout (/home/azimuth/.vscode-oss/extensions/tabnine.tabnine-vscode-3.6.72-universal/out/extension.js:17:33664)
	at listOnTimeout (node:internal/timers:559:17)
	at process.processTimers (node:internal/timers:502:7)
2023-07-18 10:17:59.393 [error] [Extension Host] Error: Binary request timed out. {"State":{}}
	at Timeout._onTimeout (/home/azimuth/.vscode-oss/extensions/tabnine.tabnine-vscode-3.6.72-universal/out/extension.js:17:33664)
	at listOnTimeout (node:internal/timers:559:17)
	at process.processTimers (node:internal/timers:502:7)
2023-07-18 10:18:00.397 [error] [Extension Host] Error: Binary request timed out. {"State":{}}
	at Timeout._onTimeout (/home/azimuth/.vscode-oss/extensions/tabnine.tabnine-vscode-3.6.72-universal/out/extension.js:17:33664)
	at listOnTimeout (node:internal/timers:559:17)
	at process.processTimers (node:internal/timers:502:7)
2023-07-18 10:18:01.398 [error] [Extension Host] Error: Binary request timed out. {"State":{}}
	at Timeout._onTimeout (/home/azimuth/.vscode-oss/extensions/tabnine.tabnine-vscode-3.6.72-universal/out/extension.js:17:33664)
	at listOnTimeout (node:internal/timers:559:17)
	at process.processTimers (node:internal/timers:502:7)
2023-07-18 10:41:51.951 [error] Extension 'tabnine.tabnine-vscode' wants API proposal 'inlineCompletions' but that proposal DOES NOT EXIST. Likely, the proposal has been finalized (check 'vscode.d.ts') or was abandoned.
2023-07-18 10:41:53.517 [error] [Extension Host] /bin/sh: line 1: hostname: command not found
2023-07-18 10:41:55.886 [error] [Extension Host] validating /home/azimuth/.config/VSCodium/User/globalStorage/tabnine.tabnine-vscode/binaries/4.5.22/x86_64-unknown-linux-musl/TabNine timeout
2023-07-18 10:41:56.876 [info] [perf] Render performance baseline is 91ms
2023-07-18 10:56:41.717 [info] [perf] Render performance baseline is 76ms
