2023-07-17 14:16:03.445 [info] Added views:workbench.panel.output in workbench.panel.output
2023-07-17 14:16:03.445 [info] Added views:workbench.panel.markers.view in workbench.panel.markers
2023-07-17 14:16:03.445 [info] Added views:terminal in terminal
2023-07-17 14:16:03.445 [info] Added views:outline in workbench.view.explorer
2023-07-17 14:16:03.445 [info] Added views:workbench.scm in workbench.view.scm
2023-07-17 14:16:03.445 [info] Added views:workbench.view.search in workbench.view.search
2023-07-17 14:16:03.445 [info] Added views:timeline in workbench.view.explorer
2023-07-17 14:16:03.445 [info] Added views:workbench.explorer.emptyView in workbench.view.explorer
2023-07-17 14:16:06.790 [info] Added views:workbench.debug.variablesView,workbench.debug.watchExpressionsView,workbench.debug.callStackView,workbench.debug.breakPointsView in workbench.view.debug
2023-07-17 14:16:07.040 [info] Added views:workbench.panel.repl.view in workbench.panel.repl
2023-07-17 14:16:07.056 [info] Removed views:workbench.debug.breakPointsView,workbench.debug.callStackView,workbench.debug.watchExpressionsView,workbench.debug.variablesView from workbench.view.debug
2023-07-17 14:16:07.060 [info] Added views:workbench.debug.welcome in workbench.view.debug
2023-07-17 14:16:27.580 [info] Added views:workbench.views.extensions.installed,workbench.views.extensions.popular,extensions.recommendedList in workbench.view.extensions
2023-07-17 14:16:27.589 [info] Removed views:workbench.views.extensions.popular from workbench.view.extensions
2023-07-17 14:16:28.729 [info] Added views:workbench.views.extensions.popular in workbench.view.extensions
2023-07-17 14:16:35.275 [info] Removed views:extensions.recommendedList,workbench.views.extensions.popular,workbench.views.extensions.installed from workbench.view.extensions
2023-07-17 14:16:35.320 [info] Added views:workbench.views.extensions.marketplace in workbench.view.extensions
2023-07-17 14:17:38.080 [info] Added views:workbench.panel.markers.view in workbench.panel.markers
2023-07-17 14:17:38.080 [info] Added views:workbench.panel.output in workbench.panel.output
2023-07-17 14:17:38.080 [info] Added views:terminal in terminal
2023-07-17 14:17:38.080 [info] Added views:outline in workbench.view.explorer
2023-07-17 14:17:38.080 [info] Added views:workbench.scm in workbench.view.scm
2023-07-17 14:17:38.080 [info] Added views:workbench.view.search in workbench.view.search
2023-07-17 14:17:38.080 [info] Added views:timeline in workbench.view.explorer
2023-07-17 14:17:38.080 [info] Added views:workbench.explorer.fileView in workbench.view.explorer
2023-07-17 14:17:39.716 [info] Added views:workbench.debug.variablesView,workbench.debug.watchExpressionsView,workbench.debug.callStackView,workbench.debug.breakPointsView in workbench.view.debug
2023-07-17 14:17:40.452 [info] Added views:workbench.panel.repl.view in workbench.panel.repl
2023-07-17 14:17:40.453 [info] Removed views:workbench.debug.breakPointsView,workbench.debug.callStackView,workbench.debug.watchExpressionsView,workbench.debug.variablesView from workbench.view.debug
2023-07-17 14:17:40.456 [info] Added views:workbench.debug.welcome in workbench.view.debug
2023-07-18 10:17:34.007 [info] Added views:workbench.views.extensions.installed,workbench.views.extensions.popular,extensions.recommendedList in workbench.view.extensions
2023-07-18 10:17:34.017 [info] Removed views:workbench.views.extensions.popular from workbench.view.extensions
2023-07-18 10:17:37.867 [info] Removed views:extensions.recommendedList,workbench.views.extensions.installed from workbench.view.extensions
2023-07-18 10:17:37.916 [info] Added views:workbench.views.extensions.marketplace in workbench.view.extensions
2023-07-18 10:17:47.421 [info] Added views:workbench.panel.comments in workbench.panel.comments
2023-07-18 10:18:44.013 [info] Added views:tabnine-home in workbench.view.extension.tabnine-access
2023-07-18 10:18:44.028 [info] Added views:tabnine-notifications in workbench.view.extension.tabnine-access
2023-07-18 10:18:44.032 [info] Added views:tabnine-today in workbench.view.extension.tabnine-access
2023-07-18 10:41:51.065 [info] Added views:workbench.panel.markers.view in workbench.panel.markers
2023-07-18 10:41:51.065 [info] Added views:workbench.panel.output in workbench.panel.output
2023-07-18 10:41:51.065 [info] Added views:terminal in terminal
2023-07-18 10:41:51.065 [info] Added views:outline in workbench.view.explorer
2023-07-18 10:41:51.065 [info] Added views:workbench.scm in workbench.view.scm
2023-07-18 10:41:51.065 [info] Added views:workbench.view.search in workbench.view.search
2023-07-18 10:41:51.065 [info] Added views:timeline in workbench.view.explorer
2023-07-18 10:41:51.065 [info] Added views:workbench.explorer.fileView in workbench.view.explorer
2023-07-18 10:41:53.051 [info] Added views:workbench.debug.variablesView,workbench.debug.watchExpressionsView,workbench.debug.callStackView,workbench.debug.breakPointsView in workbench.view.debug
2023-07-18 10:41:53.327 [info] Added views:workbench.panel.repl.view in workbench.panel.repl
2023-07-18 10:41:53.335 [info] Removed views:workbench.debug.breakPointsView,workbench.debug.callStackView,workbench.debug.watchExpressionsView,workbench.debug.variablesView from workbench.view.debug
2023-07-18 10:41:53.337 [info] Added views:workbench.debug.welcome in workbench.view.debug
2023-07-18 10:41:53.512 [info] Added views:workbench.panel.comments in workbench.panel.comments
2023-07-18 10:41:56.758 [info] Added views:tabnine-home in workbench.view.extension.tabnine-access
2023-07-18 10:41:56.779 [info] Added views:tabnine-notifications in workbench.view.extension.tabnine-access
2023-07-18 10:41:56.799 [info] Added views:tabnine-today in workbench.view.extension.tabnine-access
2023-07-18 10:56:13.033 [info] Added views:workbench.views.extensions.installed,workbench.views.extensions.popular,extensions.recommendedList in workbench.view.extensions
2023-07-18 10:56:13.050 [info] Removed views:workbench.views.extensions.popular from workbench.view.extensions
2023-07-18 10:56:34.824 [info] Added views:workbench.panel.markers.view in workbench.panel.markers
2023-07-18 10:56:34.824 [info] Added views:workbench.panel.output in workbench.panel.output
2023-07-18 10:56:34.824 [info] Added views:terminal in terminal
2023-07-18 10:56:34.824 [info] Added views:outline in workbench.view.explorer
2023-07-18 10:56:34.824 [info] Added views:workbench.scm in workbench.view.scm
2023-07-18 10:56:34.824 [info] Added views:workbench.view.search in workbench.view.search
2023-07-18 10:56:34.824 [info] Added views:timeline in workbench.view.explorer
2023-07-18 10:56:34.824 [info] Added views:workbench.explorer.fileView in workbench.view.explorer
2023-07-18 10:56:35.526 [info] Added views:workbench.debug.welcome in workbench.view.debug
2023-07-18 10:56:36.919 [info] Added views:workbench.panel.repl.view in workbench.panel.repl
2023-07-18 10:56:39.800 [info] Added views:workbench.views.extensions.installed,extensions.recommendedList in workbench.view.extensions
