2023-07-30 19:00:51.883 [info] Log level: Info
2023-07-30 19:00:51.884 [info] Validating found git in: "git"
2023-07-30 19:00:51.884 [info] Using git "2.41.0" from "git"
2023-07-30 19:01:27.902 [info] > git rev-parse --show-toplevel [36ms]
2023-07-30 19:01:27.906 [info] fatal: not a git repository (or any of the parent directories): .git
2023-07-30 19:01:52.672 [info] > git rev-parse --show-toplevel [14ms]
2023-07-30 19:01:52.672 [info] fatal: not a git repository (or any of the parent directories): .git
2023-07-30 19:02:01.291 [info] > git rev-parse --show-toplevel [11ms]
2023-07-30 19:02:01.291 [info] fatal: not a git repository (or any of the parent directories): .git
2023-07-30 19:02:04.375 [info] > git rev-parse --show-toplevel [3ms]
2023-07-30 19:02:04.375 [info] fatal: not a git repository (or any of the parent directories): .git
2023-07-30 19:02:18.685 [info] > git rev-parse --show-toplevel [8ms]
2023-07-30 19:02:18.686 [info] fatal: not a git repository (or any of the parent directories): .git
2023-07-30 19:02:23.248 [info] > git rev-parse --show-toplevel [9ms]
2023-07-30 19:02:23.248 [info] fatal: not a git repository (or any of the parent directories): .git
2023-07-30 19:02:27.848 [info] > git rev-parse --show-toplevel [12ms]
2023-07-30 19:02:27.848 [info] fatal: not a git repository (or any of the parent directories): .git
2023-07-30 19:02:51.085 [info] > git rev-parse --show-toplevel [8ms]
2023-07-30 19:02:51.085 [info] fatal: not a git repository (or any of the parent directories): .git
2023-07-30 19:02:56.759 [info] > git rev-parse --show-toplevel [2ms]
2023-07-30 19:02:56.759 [info] fatal: not a git repository (or any of the parent directories): .git
2023-07-30 19:03:40.480 [info] > git rev-parse --show-toplevel [8ms]
2023-07-30 19:03:40.481 [info] fatal: not a git repository (or any of the parent directories): .git
